15:02:32,295 DEBUG org.apache.http.client.protocol.RequestAddCookies<strong>{1}</strong>:123 - CookieSpec selected: default
15:02:32,333 DEBUG org.apache.http.client.protocol.RequestAuthCache<strong>{1}</strong>:77 - Auth cache not set in the context
15:02:32,338 DEBUG org.apache.http.impl.conn.PoolingHttpClientConnectionManager<strong>{1}</strong>:255 - Connection request: [route: {}->http://localhost:31753][total kept alive: 0; route allocated: 0 of 2000; total allocated: 0 of 2000]
15:02:32,387 DEBUG org.apache.http.impl.conn.PoolingHttpClientConnectionManager<strong>{1}</strong>:288 - Connection leased: [id: 0][route: {}->http://localhost:31753][total kept alive: 0; route allocated: 1 of 2000; total allocated: 1 of 2000]
15:02:32,392 DEBUG org.apache.http.impl.execchain.MainClientExec<strong>{1}</strong>:235 - Opening connection {}->http://localhost:31753
15:02:32,396 DEBUG org.apache.http.impl.conn.DefaultHttpClientConnectionOperator<strong>{1}</strong>:139 - Connecting to localhost/127.0.0.1:31753
15:02:32,400 DEBUG org.apache.http.impl.conn.DefaultHttpClientConnectionOperator<strong>{1}</strong>:146 - Connection established 127.0.0.1:64814<->127.0.0.1:31753
15:02:32,401 DEBUG org.apache.http.impl.conn.DefaultManagedHttpClientConnection<strong>{1}</strong>:88 - http-outgoing-0: set socket timeout to 10800000
15:02:32,402 DEBUG org.apache.http.impl.execchain.MainClientExec<strong>{1}</strong>:256 - Executing request POST /session HTTP/1.1
15:02:32,403 DEBUG org.apache.http.impl.execchain.MainClientExec<strong>{1}</strong>:261 - Target auth state: UNCHALLENGED
15:02:32,406 DEBUG org.apache.http.impl.execchain.MainClientExec<strong>{1}</strong>:267 - Proxy auth state: UNCHALLENGED
15:02:32,410 DEBUG org.apache.http.headers<strong>{1}</strong>:133 - http-outgoing-0 >> POST /session HTTP/1.1
15:02:32,411 DEBUG org.apache.http.headers<strong>{1}</strong>:136 - http-outgoing-0 >> Content-Type: application/json; charset=utf-8
15:02:32,412 DEBUG org.apache.http.headers<strong>{1}</strong>:136 - http-outgoing-0 >> Content-Length: 560
15:02:32,413 DEBUG org.apache.http.headers<strong>{1}</strong>:136 - http-outgoing-0 >> Host: localhost:31753
15:02:32,414 DEBUG org.apache.http.headers<strong>{1}</strong>:136 - http-outgoing-0 >> Connection: Keep-Alive
15:02:32,415 DEBUG org.apache.http.headers<strong>{1}</strong>:136 - http-outgoing-0 >> User-Agent: Apache-HttpClient/4.5.3 (Java/1.8.0_221)
15:02:32,416 DEBUG org.apache.http.headers<strong>{1}</strong>:136 - http-outgoing-0 >> Accept-Encoding: gzip,deflate
15:02:32,418 DEBUG org.apache.http.wire<strong>{1}</strong>:73 - http-outgoing-0 >> "POST /session HTTP/1.1[\r][\n]"
15:02:32,419 DEBUG org.apache.http.wire<strong>{1}</strong>:73 - http-outgoing-0 >> "Content-Type: application/json; charset=utf-8[\r][\n]"
15:02:32,420 DEBUG org.apache.http.wire<strong>{1}</strong>:73 - http-outgoing-0 >> "Content-Length: 560[\r][\n]"
15:02:32,421 DEBUG org.apache.http.wire<strong>{1}</strong>:73 - http-outgoing-0 >> "Host: localhost:31753[\r][\n]"
15:02:32,421 DEBUG org.apache.http.wire<strong>{1}</strong>:73 - http-outgoing-0 >> "Connection: Keep-Alive[\r][\n]"
15:02:32,422 DEBUG org.apache.http.wire<strong>{1}</strong>:73 - http-outgoing-0 >> "User-Agent: Apache-HttpClient/4.5.3 (Java/1.8.0_221)[\r][\n]"
15:02:32,424 DEBUG org.apache.http.wire<strong>{1}</strong>:73 - http-outgoing-0 >> "Accept-Encoding: gzip,deflate[\r][\n]"
15:02:32,425 DEBUG org.apache.http.wire<strong>{1}</strong>:73 - http-outgoing-0 >> "[\r][\n]"
15:02:32,426 DEBUG org.apache.http.wire<strong>{1}</strong>:73 - http-outgoing-0 >> "{[\n]"
15:02:32,426 DEBUG org.apache.http.wire<strong>{1}</strong>:73 - http-outgoing-0 >> "  "desiredCapabilities": {[\n]"
15:02:32,427 DEBUG org.apache.http.wire<strong>{1}</strong>:73 - http-outgoing-0 >> "    "browserName": "chrome",[\n]"
15:02:32,428 DEBUG org.apache.http.wire<strong>{1}</strong>:73 - http-outgoing-0 >> "    "goog:chromeOptions": {[\n]"
15:02:32,431 DEBUG org.apache.http.wire<strong>{1}</strong>:73 - http-outgoing-0 >> "      "args": [],[\n]"
15:02:32,432 DEBUG org.apache.http.wire<strong>{1}</strong>:73 - http-outgoing-0 >> "      "extensions": [][\n]"
15:02:32,434 DEBUG org.apache.http.wire<strong>{1}</strong>:73 - http-outgoing-0 >> "    }[\n]"
15:02:32,435 DEBUG org.apache.http.wire<strong>{1}</strong>:73 - http-outgoing-0 >> "  },[\n]"
15:02:32,436 DEBUG org.apache.http.wire<strong>{1}</strong>:73 - http-outgoing-0 >> "  "requiredCapabilities": {},[\n]"
15:02:32,437 DEBUG org.apache.http.wire<strong>{1}</strong>:73 - http-outgoing-0 >> "  "capabilities": {[\n]"
15:02:32,437 DEBUG org.apache.http.wire<strong>{1}</strong>:73 - http-outgoing-0 >> "    "desiredCapabilities": {[\n]"
15:02:32,438 DEBUG org.apache.http.wire<strong>{1}</strong>:73 - http-outgoing-0 >> "      "browserName": "chrome",[\n]"
15:02:32,439 DEBUG org.apache.http.wire<strong>{1}</strong>:73 - http-outgoing-0 >> "      "goog:chromeOptions": {[\n]"
15:02:32,440 DEBUG org.apache.http.wire<strong>{1}</strong>:73 - http-outgoing-0 >> "        "args": [],[\n]"
15:02:32,441 DEBUG org.apache.http.wire<strong>{1}</strong>:73 - http-outgoing-0 >> "        "extensions": [][\n]"
15:02:32,442 DEBUG org.apache.http.wire<strong>{1}</strong>:73 - http-outgoing-0 >> "      }[\n]"
15:02:32,443 DEBUG org.apache.http.wire<strong>{1}</strong>:73 - http-outgoing-0 >> "    },[\n]"
15:02:32,443 DEBUG org.apache.http.wire<strong>{1}</strong>:73 - http-outgoing-0 >> "    "requiredCapabilities": {},[\n]"
15:02:32,444 DEBUG org.apache.http.wire<strong>{1}</strong>:73 - http-outgoing-0 >> "    "alwaysMatch": {[\n]"
15:02:32,445 DEBUG org.apache.http.wire<strong>{1}</strong>:73 - http-outgoing-0 >> "      "goog:chromeOptions": {[\n]"
15:02:32,446 DEBUG org.apache.http.wire<strong>{1}</strong>:73 - http-outgoing-0 >> "        "args": [],[\n]"
15:02:32,447 DEBUG org.apache.http.wire<strong>{1}</strong>:73 - http-outgoing-0 >> "        "extensions": [][\n]"
15:02:32,448 DEBUG org.apache.http.wire<strong>{1}</strong>:73 - http-outgoing-0 >> "      }[\n]"
15:02:32,449 DEBUG org.apache.http.wire<strong>{1}</strong>:73 - http-outgoing-0 >> "    },[\n]"
15:02:32,450 DEBUG org.apache.http.wire<strong>{1}</strong>:73 - http-outgoing-0 >> "    "firstMatch": [[\n]"
15:02:32,451 DEBUG org.apache.http.wire<strong>{1}</strong>:73 - http-outgoing-0 >> "      {[\n]"
15:02:32,452 DEBUG org.apache.http.wire<strong>{1}</strong>:73 - http-outgoing-0 >> "        "browserName": "chrome"[\n]"
15:02:32,453 DEBUG org.apache.http.wire<strong>{1}</strong>:73 - http-outgoing-0 >> "      }[\n]"
15:02:32,453 DEBUG org.apache.http.wire<strong>{1}</strong>:73 - http-outgoing-0 >> "    ][\n]"
15:02:32,454 DEBUG org.apache.http.wire<strong>{1}</strong>:73 - http-outgoing-0 >> "  }[\n]"
15:02:32,455 DEBUG org.apache.http.wire<strong>{1}</strong>:87 - http-outgoing-0 >> "}"
15:02:34,875 DEBUG org.apache.http.wire<strong>{1}</strong>:73 - http-outgoing-0 << "HTTP/1.1 200 OK[\r][\n]"
15:02:34,877 DEBUG org.apache.http.wire<strong>{1}</strong>:73 - http-outgoing-0 << "Content-Length:828[\r][\n]"
15:02:34,879 DEBUG org.apache.http.wire<strong>{1}</strong>:73 - http-outgoing-0 << "Content-Type:application/json; charset=utf-8[\r][\n]"
15:02:34,880 DEBUG org.apache.http.wire<strong>{1}</strong>:73 - http-outgoing-0 << "[\r][\n]"
15:02:34,882 DEBUG org.apache.http.wire<strong>{1}</strong>:87 - http-outgoing-0 << "{"sessionId":"be2f448191e9d27436df2e23f04abd1a","status":0,"value":{"acceptInsecureCerts":false,"acceptSslCerts":false,"applicationCacheEnabled":false,"browserConnectionEnabled":false,"browserName":"chrome","chrome":{"chromedriverVersion":"2.37.544315 (730aa6a5fdba159ac9f4c1e8cbc59bf1b5ce12b7)","userDataDir":"C:\\Users\\rbt\\AppData\\Local\\Temp\\scoped_dir10244_28770"},"cssSelectorsEnabled":true,"databaseEnabled":false,"handlesAlerts":true,"hasTouchScreen":false,"javascriptEnabled":true,"locationContextEnabled":true,"mobileEmulationEnabled":false,"nativeEvents":true,"networkConnectionEnabled":false,"pageLoadStrategy":"normal","platform":"Windows NT","rotatable":false,"setWindowRect":true,"takesHeapSnapshot":true,"takesScreenshot":true,"unexpectedAlertBehaviour":"","version":"76.0.3809.132","webStorageEnabled":true}}"
15:02:34,899 DEBUG org.apache.http.headers<strong>{1}</strong>:122 - http-outgoing-0 << HTTP/1.1 200 OK
15:02:34,901 DEBUG org.apache.http.headers<strong>{1}</strong>:125 - http-outgoing-0 << Content-Length:828
15:02:34,902 DEBUG org.apache.http.headers<strong>{1}</strong>:125 - http-outgoing-0 << Content-Type:application/json; charset=utf-8
15:02:34,925 DEBUG org.apache.http.impl.execchain.MainClientExec<strong>{1}</strong>:285 - Connection can be kept alive indefinitely
15:02:34,940 DEBUG org.apache.http.impl.conn.PoolingHttpClientConnectionManager<strong>{1}</strong>:320 - Connection [id: 0][route: {}->http://localhost:31753] can be kept alive indefinitely
15:02:34,942 DEBUG org.apache.http.impl.conn.PoolingHttpClientConnectionManager<strong>{1}</strong>:326 - Connection released: [id: 0][route: {}->http://localhost:31753][total kept alive: 1; route allocated: 1 of 2000; total allocated: 1 of 2000]
15:02:35,055 DEBUG org.apache.http.client.protocol.RequestAddCookies<strong>{1}</strong>:123 - CookieSpec selected: default
15:02:35,055 DEBUG org.apache.http.client.protocol.RequestAuthCache<strong>{1}</strong>:77 - Auth cache not set in the context
15:02:35,056 DEBUG org.apache.http.impl.conn.PoolingHttpClientConnectionManager<strong>{1}</strong>:255 - Connection request: [route: {}->http://localhost:31753][total kept alive: 1; route allocated: 1 of 2000; total allocated: 1 of 2000]
15:02:35,057 DEBUG org.apache.http.impl.conn.PoolingHttpClientConnectionManager<strong>{1}</strong>:288 - Connection leased: [id: 0][route: {}->http://localhost:31753][total kept alive: 0; route allocated: 1 of 2000; total allocated: 1 of 2000]
15:02:35,058 DEBUG org.apache.http.impl.execchain.MainClientExec<strong>{1}</strong>:208 - Stale connection check
15:02:35,061 DEBUG org.apache.http.wire<strong>{1}</strong>:87 - http-outgoing-0 << "[read] I/O error: Read timed out"
15:02:35,062 DEBUG org.apache.http.impl.conn.DefaultManagedHttpClientConnection<strong>{1}</strong>:88 - http-outgoing-0: set socket timeout to 10800000
15:02:35,063 DEBUG org.apache.http.impl.execchain.MainClientExec<strong>{1}</strong>:256 - Executing request POST /session/be2f448191e9d27436df2e23f04abd1a/timeouts HTTP/1.1
15:02:35,064 DEBUG org.apache.http.impl.execchain.MainClientExec<strong>{1}</strong>:261 - Target auth state: UNCHALLENGED
15:02:35,065 DEBUG org.apache.http.impl.execchain.MainClientExec<strong>{1}</strong>:267 - Proxy auth state: UNCHALLENGED
15:02:35,066 DEBUG org.apache.http.headers<strong>{1}</strong>:133 - http-outgoing-0 >> POST /session/be2f448191e9d27436df2e23f04abd1a/timeouts HTTP/1.1
15:02:35,067 DEBUG org.apache.http.headers<strong>{1}</strong>:136 - http-outgoing-0 >> Content-Type: application/json; charset=utf-8
15:02:35,068 DEBUG org.apache.http.headers<strong>{1}</strong>:136 - http-outgoing-0 >> Content-Length: 30
15:02:35,068 DEBUG org.apache.http.headers<strong>{1}</strong>:136 - http-outgoing-0 >> Host: localhost:31753
15:02:35,069 DEBUG org.apache.http.headers<strong>{1}</strong>:136 - http-outgoing-0 >> Connection: Keep-Alive
15:02:35,071 DEBUG org.apache.http.headers<strong>{1}</strong>:136 - http-outgoing-0 >> User-Agent: Apache-HttpClient/4.5.3 (Java/1.8.0_221)
15:02:35,072 DEBUG org.apache.http.headers<strong>{1}</strong>:136 - http-outgoing-0 >> Accept-Encoding: gzip,deflate
15:02:35,072 DEBUG org.apache.http.wire<strong>{1}</strong>:73 - http-outgoing-0 >> "POST /session/be2f448191e9d27436df2e23f04abd1a/timeouts HTTP/1.1[\r][\n]"
15:02:35,073 DEBUG org.apache.http.wire<strong>{1}</strong>:73 - http-outgoing-0 >> "Content-Type: application/json; charset=utf-8[\r][\n]"
15:02:35,074 DEBUG org.apache.http.wire<strong>{1}</strong>:73 - http-outgoing-0 >> "Content-Length: 30[\r][\n]"
15:02:35,075 DEBUG org.apache.http.wire<strong>{1}</strong>:73 - http-outgoing-0 >> "Host: localhost:31753[\r][\n]"
15:02:35,076 DEBUG org.apache.http.wire<strong>{1}</strong>:73 - http-outgoing-0 >> "Connection: Keep-Alive[\r][\n]"
15:02:35,077 DEBUG org.apache.http.wire<strong>{1}</strong>:73 - http-outgoing-0 >> "User-Agent: Apache-HttpClient/4.5.3 (Java/1.8.0_221)[\r][\n]"
15:02:35,078 DEBUG org.apache.http.wire<strong>{1}</strong>:73 - http-outgoing-0 >> "Accept-Encoding: gzip,deflate[\r][\n]"
15:02:35,079 DEBUG org.apache.http.wire<strong>{1}</strong>:73 - http-outgoing-0 >> "[\r][\n]"
15:02:35,080 DEBUG org.apache.http.wire<strong>{1}</strong>:87 - http-outgoing-0 >> "{"type":"implicit","ms":10000}"
15:02:35,081 DEBUG org.apache.http.wire<strong>{1}</strong>:73 - http-outgoing-0 << "HTTP/1.1 200 OK[\r][\n]"
15:02:35,082 DEBUG org.apache.http.wire<strong>{1}</strong>:73 - http-outgoing-0 << "Content-Length:72[\r][\n]"
15:02:35,083 DEBUG org.apache.http.wire<strong>{1}</strong>:73 - http-outgoing-0 << "Content-Type:application/json; charset=utf-8[\r][\n]"
15:02:35,084 DEBUG org.apache.http.wire<strong>{1}</strong>:73 - http-outgoing-0 << "[\r][\n]"
15:02:35,085 DEBUG org.apache.http.wire<strong>{1}</strong>:87 - http-outgoing-0 << "{"sessionId":"be2f448191e9d27436df2e23f04abd1a","status":0,"value":null}"
15:02:35,086 DEBUG org.apache.http.headers<strong>{1}</strong>:122 - http-outgoing-0 << HTTP/1.1 200 OK
15:02:35,086 DEBUG org.apache.http.headers<strong>{1}</strong>:125 - http-outgoing-0 << Content-Length:72
15:02:35,087 DEBUG org.apache.http.headers<strong>{1}</strong>:125 - http-outgoing-0 << Content-Type:application/json; charset=utf-8
15:02:35,088 DEBUG org.apache.http.impl.execchain.MainClientExec<strong>{1}</strong>:285 - Connection can be kept alive indefinitely
15:02:35,090 DEBUG org.apache.http.impl.conn.PoolingHttpClientConnectionManager<strong>{1}</strong>:320 - Connection [id: 0][route: {}->http://localhost:31753] can be kept alive indefinitely
15:02:35,091 DEBUG org.apache.http.impl.conn.PoolingHttpClientConnectionManager<strong>{1}</strong>:326 - Connection released: [id: 0][route: {}->http://localhost:31753][total kept alive: 1; route allocated: 1 of 2000; total allocated: 1 of 2000]
15:02:35,098 DEBUG org.apache.http.client.protocol.RequestAddCookies<strong>{1}</strong>:123 - CookieSpec selected: default
15:02:35,099 DEBUG org.apache.http.client.protocol.RequestAuthCache<strong>{1}</strong>:77 - Auth cache not set in the context
15:02:35,100 DEBUG org.apache.http.impl.conn.PoolingHttpClientConnectionManager<strong>{1}</strong>:255 - Connection request: [route: {}->http://localhost:31753][total kept alive: 1; route allocated: 1 of 2000; total allocated: 1 of 2000]
15:02:35,101 DEBUG org.apache.http.impl.conn.PoolingHttpClientConnectionManager<strong>{1}</strong>:288 - Connection leased: [id: 0][route: {}->http://localhost:31753][total kept alive: 0; route allocated: 1 of 2000; total allocated: 1 of 2000]
15:02:35,102 DEBUG org.apache.http.impl.execchain.MainClientExec<strong>{1}</strong>:208 - Stale connection check
15:02:35,103 DEBUG org.apache.http.wire<strong>{1}</strong>:87 - http-outgoing-0 << "[read] I/O error: Read timed out"
15:02:35,103 DEBUG org.apache.http.impl.conn.DefaultManagedHttpClientConnection<strong>{1}</strong>:88 - http-outgoing-0: set socket timeout to 10800000
15:02:35,104 DEBUG org.apache.http.impl.execchain.MainClientExec<strong>{1}</strong>:256 - Executing request POST /session/be2f448191e9d27436df2e23f04abd1a/window/current/maximize HTTP/1.1
15:02:35,105 DEBUG org.apache.http.impl.execchain.MainClientExec<strong>{1}</strong>:261 - Target auth state: UNCHALLENGED
15:02:35,106 DEBUG org.apache.http.impl.execchain.MainClientExec<strong>{1}</strong>:267 - Proxy auth state: UNCHALLENGED
15:02:35,107 DEBUG org.apache.http.headers<strong>{1}</strong>:133 - http-outgoing-0 >> POST /session/be2f448191e9d27436df2e23f04abd1a/window/current/maximize HTTP/1.1
15:02:35,108 DEBUG org.apache.http.headers<strong>{1}</strong>:136 - http-outgoing-0 >> Content-Type: application/json; charset=utf-8
15:02:35,109 DEBUG org.apache.http.headers<strong>{1}</strong>:136 - http-outgoing-0 >> Content-Length: 45
15:02:35,110 DEBUG org.apache.http.headers<strong>{1}</strong>:136 - http-outgoing-0 >> Host: localhost:31753
15:02:35,111 DEBUG org.apache.http.headers<strong>{1}</strong>:136 - http-outgoing-0 >> Connection: Keep-Alive
15:02:35,112 DEBUG org.apache.http.headers<strong>{1}</strong>:136 - http-outgoing-0 >> User-Agent: Apache-HttpClient/4.5.3 (Java/1.8.0_221)
15:02:35,113 DEBUG org.apache.http.headers<strong>{1}</strong>:136 - http-outgoing-0 >> Accept-Encoding: gzip,deflate
15:02:35,114 DEBUG org.apache.http.wire<strong>{1}</strong>:73 - http-outgoing-0 >> "POST /session/be2f448191e9d27436df2e23f04abd1a/window/current/maximize HTTP/1.1[\r][\n]"
15:02:35,115 DEBUG org.apache.http.wire<strong>{1}</strong>:73 - http-outgoing-0 >> "Content-Type: application/json; charset=utf-8[\r][\n]"
15:02:35,115 DEBUG org.apache.http.wire<strong>{1}</strong>:73 - http-outgoing-0 >> "Content-Length: 45[\r][\n]"
15:02:35,116 DEBUG org.apache.http.wire<strong>{1}</strong>:73 - http-outgoing-0 >> "Host: localhost:31753[\r][\n]"
15:02:35,117 DEBUG org.apache.http.wire<strong>{1}</strong>:73 - http-outgoing-0 >> "Connection: Keep-Alive[\r][\n]"
15:02:35,118 DEBUG org.apache.http.wire<strong>{1}</strong>:73 - http-outgoing-0 >> "User-Agent: Apache-HttpClient/4.5.3 (Java/1.8.0_221)[\r][\n]"
15:02:35,119 DEBUG org.apache.http.wire<strong>{1}</strong>:73 - http-outgoing-0 >> "Accept-Encoding: gzip,deflate[\r][\n]"
15:02:35,120 DEBUG org.apache.http.wire<strong>{1}</strong>:73 - http-outgoing-0 >> "[\r][\n]"
15:02:35,121 DEBUG org.apache.http.wire<strong>{1}</strong>:87 - http-outgoing-0 >> "{"windowHandle":"current","handle":"current"}"
15:02:37,263 DEBUG org.apache.http.wire<strong>{1}</strong>:73 - http-outgoing-0 << "HTTP/1.1 200 OK[\r][\n]"
15:02:37,265 DEBUG org.apache.http.wire<strong>{1}</strong>:73 - http-outgoing-0 << "Content-Length:72[\r][\n]"
15:02:37,266 DEBUG org.apache.http.wire<strong>{1}</strong>:73 - http-outgoing-0 << "Content-Type:application/json; charset=utf-8[\r][\n]"
15:02:37,267 DEBUG org.apache.http.wire<strong>{1}</strong>:73 - http-outgoing-0 << "[\r][\n]"
15:02:37,268 DEBUG org.apache.http.wire<strong>{1}</strong>:87 - http-outgoing-0 << "{"sessionId":"be2f448191e9d27436df2e23f04abd1a","status":0,"value":null}"
15:02:37,270 DEBUG org.apache.http.headers<strong>{1}</strong>:122 - http-outgoing-0 << HTTP/1.1 200 OK
15:02:37,271 DEBUG org.apache.http.headers<strong>{1}</strong>:125 - http-outgoing-0 << Content-Length:72
15:02:37,271 DEBUG org.apache.http.headers<strong>{1}</strong>:125 - http-outgoing-0 << Content-Type:application/json; charset=utf-8
15:02:37,272 DEBUG org.apache.http.impl.execchain.MainClientExec<strong>{1}</strong>:285 - Connection can be kept alive indefinitely
15:02:37,274 DEBUG org.apache.http.impl.conn.PoolingHttpClientConnectionManager<strong>{1}</strong>:320 - Connection [id: 0][route: {}->http://localhost:31753] can be kept alive indefinitely
15:02:37,275 DEBUG org.apache.http.impl.conn.PoolingHttpClientConnectionManager<strong>{1}</strong>:326 - Connection released: [id: 0][route: {}->http://localhost:31753][total kept alive: 1; route allocated: 1 of 2000; total allocated: 1 of 2000]
15:02:44,466 DEBUG org.apache.http.client.protocol.RequestAddCookies<strong>{1}</strong>:123 - CookieSpec selected: default
15:02:44,468 DEBUG org.apache.http.client.protocol.RequestAuthCache<strong>{1}</strong>:77 - Auth cache not set in the context
15:02:44,469 DEBUG org.apache.http.impl.conn.PoolingHttpClientConnectionManager<strong>{1}</strong>:255 - Connection request: [route: {}->http://localhost:31753][total kept alive: 1; route allocated: 1 of 2000; total allocated: 1 of 2000]
15:02:44,471 DEBUG org.apache.http.wire<strong>{1}</strong>:87 - http-outgoing-0 << "[read] I/O error: Read timed out"
15:02:44,472 DEBUG org.apache.http.impl.conn.PoolingHttpClientConnectionManager<strong>{1}</strong>:288 - Connection leased: [id: 0][route: {}->http://localhost:31753][total kept alive: 0; route allocated: 1 of 2000; total allocated: 1 of 2000]
15:02:44,473 DEBUG org.apache.http.impl.execchain.MainClientExec<strong>{1}</strong>:208 - Stale connection check
15:02:44,475 DEBUG org.apache.http.wire<strong>{1}</strong>:87 - http-outgoing-0 << "[read] I/O error: Read timed out"
15:02:44,476 DEBUG org.apache.http.impl.conn.DefaultManagedHttpClientConnection<strong>{1}</strong>:88 - http-outgoing-0: set socket timeout to 10800000
15:02:44,476 DEBUG org.apache.http.impl.execchain.MainClientExec<strong>{1}</strong>:256 - Executing request POST /session/be2f448191e9d27436df2e23f04abd1a/url HTTP/1.1
15:02:44,477 DEBUG org.apache.http.impl.execchain.MainClientExec<strong>{1}</strong>:261 - Target auth state: UNCHALLENGED
15:02:44,478 DEBUG org.apache.http.impl.execchain.MainClientExec<strong>{1}</strong>:267 - Proxy auth state: UNCHALLENGED
15:02:44,479 DEBUG org.apache.http.headers<strong>{1}</strong>:133 - http-outgoing-0 >> POST /session/be2f448191e9d27436df2e23f04abd1a/url HTTP/1.1
15:02:44,480 DEBUG org.apache.http.headers<strong>{1}</strong>:136 - http-outgoing-0 >> Content-Type: application/json; charset=utf-8
15:02:44,481 DEBUG org.apache.http.headers<strong>{1}</strong>:136 - http-outgoing-0 >> Content-Length: 36
15:02:44,482 DEBUG org.apache.http.headers<strong>{1}</strong>:136 - http-outgoing-0 >> Host: localhost:31753
15:02:44,483 DEBUG org.apache.http.headers<strong>{1}</strong>:136 - http-outgoing-0 >> Connection: Keep-Alive
15:02:44,484 DEBUG org.apache.http.headers<strong>{1}</strong>:136 - http-outgoing-0 >> User-Agent: Apache-HttpClient/4.5.3 (Java/1.8.0_221)
15:02:44,484 DEBUG org.apache.http.headers<strong>{1}</strong>:136 - http-outgoing-0 >> Accept-Encoding: gzip,deflate
15:02:44,485 DEBUG org.apache.http.wire<strong>{1}</strong>:73 - http-outgoing-0 >> "POST /session/be2f448191e9d27436df2e23f04abd1a/url HTTP/1.1[\r][\n]"
15:02:44,486 DEBUG org.apache.http.wire<strong>{1}</strong>:73 - http-outgoing-0 >> "Content-Type: application/json; charset=utf-8[\r][\n]"
15:02:44,487 DEBUG org.apache.http.wire<strong>{1}</strong>:73 - http-outgoing-0 >> "Content-Length: 36[\r][\n]"
15:02:44,488 DEBUG org.apache.http.wire<strong>{1}</strong>:73 - http-outgoing-0 >> "Host: localhost:31753[\r][\n]"
15:02:44,489 DEBUG org.apache.http.wire<strong>{1}</strong>:73 - http-outgoing-0 >> "Connection: Keep-Alive[\r][\n]"
15:02:44,490 DEBUG org.apache.http.wire<strong>{1}</strong>:73 - http-outgoing-0 >> "User-Agent: Apache-HttpClient/4.5.3 (Java/1.8.0_221)[\r][\n]"
15:02:44,491 DEBUG org.apache.http.wire<strong>{1}</strong>:73 - http-outgoing-0 >> "Accept-Encoding: gzip,deflate[\r][\n]"
15:02:44,492 DEBUG org.apache.http.wire<strong>{1}</strong>:73 - http-outgoing-0 >> "[\r][\n]"
15:02:44,492 DEBUG org.apache.http.wire<strong>{1}</strong>:87 - http-outgoing-0 >> "{"url":"https://vipul.gyrusaim.net"}"
15:02:49,088 DEBUG org.apache.http.wire<strong>{1}</strong>:73 - http-outgoing-0 << "HTTP/1.1 200 OK[\r][\n]"
15:02:49,089 DEBUG org.apache.http.wire<strong>{1}</strong>:73 - http-outgoing-0 << "Content-Length:72[\r][\n]"
15:02:49,090 DEBUG org.apache.http.wire<strong>{1}</strong>:73 - http-outgoing-0 << "Content-Type:application/json; charset=utf-8[\r][\n]"
15:02:49,092 DEBUG org.apache.http.wire<strong>{1}</strong>:73 - http-outgoing-0 << "[\r][\n]"
15:02:49,093 DEBUG org.apache.http.wire<strong>{1}</strong>:87 - http-outgoing-0 << "{"sessionId":"be2f448191e9d27436df2e23f04abd1a","status":0,"value":null}"
15:02:49,094 DEBUG org.apache.http.headers<strong>{1}</strong>:122 - http-outgoing-0 << HTTP/1.1 200 OK
15:02:49,095 DEBUG org.apache.http.headers<strong>{1}</strong>:125 - http-outgoing-0 << Content-Length:72
15:02:49,096 DEBUG org.apache.http.headers<strong>{1}</strong>:125 - http-outgoing-0 << Content-Type:application/json; charset=utf-8
15:02:49,097 DEBUG org.apache.http.impl.execchain.MainClientExec<strong>{1}</strong>:285 - Connection can be kept alive indefinitely
15:02:49,098 DEBUG org.apache.http.impl.conn.PoolingHttpClientConnectionManager<strong>{1}</strong>:320 - Connection [id: 0][route: {}->http://localhost:31753] can be kept alive indefinitely
15:02:49,099 DEBUG org.apache.http.impl.conn.PoolingHttpClientConnectionManager<strong>{1}</strong>:326 - Connection released: [id: 0][route: {}->http://localhost:31753][total kept alive: 1; route allocated: 1 of 2000; total allocated: 1 of 2000]
15:02:49,121 DEBUG org.apache.http.client.protocol.RequestAddCookies<strong>{1}</strong>:123 - CookieSpec selected: default
15:02:49,122 DEBUG org.apache.http.client.protocol.RequestAuthCache<strong>{1}</strong>:77 - Auth cache not set in the context
15:02:49,124 DEBUG org.apache.http.impl.conn.PoolingHttpClientConnectionManager<strong>{1}</strong>:255 - Connection request: [route: {}->http://localhost:31753][total kept alive: 1; route allocated: 1 of 2000; total allocated: 1 of 2000]
15:02:49,125 DEBUG org.apache.http.impl.conn.PoolingHttpClientConnectionManager<strong>{1}</strong>:288 - Connection leased: [id: 0][route: {}->http://localhost:31753][total kept alive: 0; route allocated: 1 of 2000; total allocated: 1 of 2000]
15:02:49,126 DEBUG org.apache.http.impl.execchain.MainClientExec<strong>{1}</strong>:208 - Stale connection check
15:02:49,129 DEBUG org.apache.http.wire<strong>{1}</strong>:87 - http-outgoing-0 << "[read] I/O error: Read timed out"
15:02:49,131 DEBUG org.apache.http.impl.conn.DefaultManagedHttpClientConnection<strong>{1}</strong>:88 - http-outgoing-0: set socket timeout to 10800000
15:02:49,132 DEBUG org.apache.http.impl.execchain.MainClientExec<strong>{1}</strong>:256 - Executing request POST /session/be2f448191e9d27436df2e23f04abd1a/element HTTP/1.1
15:02:49,133 DEBUG org.apache.http.impl.execchain.MainClientExec<strong>{1}</strong>:261 - Target auth state: UNCHALLENGED
15:02:49,134 DEBUG org.apache.http.impl.execchain.MainClientExec<strong>{1}</strong>:267 - Proxy auth state: UNCHALLENGED
15:02:49,135 DEBUG org.apache.http.headers<strong>{1}</strong>:133 - http-outgoing-0 >> POST /session/be2f448191e9d27436df2e23f04abd1a/element HTTP/1.1
15:02:49,136 DEBUG org.apache.http.headers<strong>{1}</strong>:136 - http-outgoing-0 >> Content-Type: application/json; charset=utf-8
15:02:49,136 DEBUG org.apache.http.headers<strong>{1}</strong>:136 - http-outgoing-0 >> Content-Length: 54
15:02:49,137 DEBUG org.apache.http.headers<strong>{1}</strong>:136 - http-outgoing-0 >> Host: localhost:31753
15:02:49,138 DEBUG org.apache.http.headers<strong>{1}</strong>:136 - http-outgoing-0 >> Connection: Keep-Alive
15:02:49,139 DEBUG org.apache.http.headers<strong>{1}</strong>:136 - http-outgoing-0 >> User-Agent: Apache-HttpClient/4.5.3 (Java/1.8.0_221)
15:02:49,140 DEBUG org.apache.http.headers<strong>{1}</strong>:136 - http-outgoing-0 >> Accept-Encoding: gzip,deflate
15:02:49,141 DEBUG org.apache.http.wire<strong>{1}</strong>:73 - http-outgoing-0 >> "POST /session/be2f448191e9d27436df2e23f04abd1a/element HTTP/1.1[\r][\n]"
15:02:49,142 DEBUG org.apache.http.wire<strong>{1}</strong>:73 - http-outgoing-0 >> "Content-Type: application/json; charset=utf-8[\r][\n]"
15:02:49,143 DEBUG org.apache.http.wire<strong>{1}</strong>:73 - http-outgoing-0 >> "Content-Length: 54[\r][\n]"
15:02:49,144 DEBUG org.apache.http.wire<strong>{1}</strong>:73 - http-outgoing-0 >> "Host: localhost:31753[\r][\n]"
15:02:49,144 DEBUG org.apache.http.wire<strong>{1}</strong>:73 - http-outgoing-0 >> "Connection: Keep-Alive[\r][\n]"
15:02:49,145 DEBUG org.apache.http.wire<strong>{1}</strong>:73 - http-outgoing-0 >> "User-Agent: Apache-HttpClient/4.5.3 (Java/1.8.0_221)[\r][\n]"
15:02:49,146 DEBUG org.apache.http.wire<strong>{1}</strong>:73 - http-outgoing-0 >> "Accept-Encoding: gzip,deflate[\r][\n]"
15:02:49,147 DEBUG org.apache.http.wire<strong>{1}</strong>:73 - http-outgoing-0 >> "[\r][\n]"
15:02:49,148 DEBUG org.apache.http.wire<strong>{1}</strong>:87 - http-outgoing-0 >> "{"using":"xpath","value":".//*[@id='username-field']"}"
15:02:49,162 DEBUG org.apache.http.wire<strong>{1}</strong>:73 - http-outgoing-0 << "HTTP/1.1 200 OK[\r][\n]"
15:02:49,163 DEBUG org.apache.http.wire<strong>{1}</strong>:73 - http-outgoing-0 << "Content-Length:102[\r][\n]"
15:02:49,164 DEBUG org.apache.http.wire<strong>{1}</strong>:73 - http-outgoing-0 << "Content-Type:application/json; charset=utf-8[\r][\n]"
15:02:49,165 DEBUG org.apache.http.wire<strong>{1}</strong>:73 - http-outgoing-0 << "[\r][\n]"
15:02:49,166 DEBUG org.apache.http.wire<strong>{1}</strong>:87 - http-outgoing-0 << "{"sessionId":"be2f448191e9d27436df2e23f04abd1a","status":0,"value":{"ELEMENT":"0.5574431166381824-1"}}"
15:02:49,167 DEBUG org.apache.http.headers<strong>{1}</strong>:122 - http-outgoing-0 << HTTP/1.1 200 OK
15:02:49,168 DEBUG org.apache.http.headers<strong>{1}</strong>:125 - http-outgoing-0 << Content-Length:102
15:02:49,169 DEBUG org.apache.http.headers<strong>{1}</strong>:125 - http-outgoing-0 << Content-Type:application/json; charset=utf-8
15:02:49,170 DEBUG org.apache.http.impl.execchain.MainClientExec<strong>{1}</strong>:285 - Connection can be kept alive indefinitely
15:02:49,171 DEBUG org.apache.http.impl.conn.PoolingHttpClientConnectionManager<strong>{1}</strong>:320 - Connection [id: 0][route: {}->http://localhost:31753] can be kept alive indefinitely
15:02:49,172 DEBUG org.apache.http.impl.conn.PoolingHttpClientConnectionManager<strong>{1}</strong>:326 - Connection released: [id: 0][route: {}->http://localhost:31753][total kept alive: 1; route allocated: 1 of 2000; total allocated: 1 of 2000]
15:02:49,192 DEBUG org.apache.http.client.protocol.RequestAddCookies<strong>{1}</strong>:123 - CookieSpec selected: default
15:02:49,193 DEBUG org.apache.http.client.protocol.RequestAuthCache<strong>{1}</strong>:77 - Auth cache not set in the context
15:02:49,194 DEBUG org.apache.http.impl.conn.PoolingHttpClientConnectionManager<strong>{1}</strong>:255 - Connection request: [route: {}->http://localhost:31753][total kept alive: 1; route allocated: 1 of 2000; total allocated: 1 of 2000]
15:02:49,195 DEBUG org.apache.http.impl.conn.PoolingHttpClientConnectionManager<strong>{1}</strong>:288 - Connection leased: [id: 0][route: {}->http://localhost:31753][total kept alive: 0; route allocated: 1 of 2000; total allocated: 1 of 2000]
15:02:49,196 DEBUG org.apache.http.impl.execchain.MainClientExec<strong>{1}</strong>:208 - Stale connection check
15:02:49,198 DEBUG org.apache.http.wire<strong>{1}</strong>:87 - http-outgoing-0 << "[read] I/O error: Read timed out"
15:02:49,199 DEBUG org.apache.http.impl.conn.DefaultManagedHttpClientConnection<strong>{1}</strong>:88 - http-outgoing-0: set socket timeout to 10800000
15:02:49,200 DEBUG org.apache.http.impl.execchain.MainClientExec<strong>{1}</strong>:256 - Executing request GET /session/be2f448191e9d27436df2e23f04abd1a/element/0.5574431166381824-1/displayed HTTP/1.1
15:02:49,200 DEBUG org.apache.http.impl.execchain.MainClientExec<strong>{1}</strong>:261 - Target auth state: UNCHALLENGED
15:02:49,201 DEBUG org.apache.http.impl.execchain.MainClientExec<strong>{1}</strong>:267 - Proxy auth state: UNCHALLENGED
15:02:49,202 DEBUG org.apache.http.headers<strong>{1}</strong>:133 - http-outgoing-0 >> GET /session/be2f448191e9d27436df2e23f04abd1a/element/0.5574431166381824-1/displayed HTTP/1.1
15:02:49,203 DEBUG org.apache.http.headers<strong>{1}</strong>:136 - http-outgoing-0 >> Cache-Control: no-cache
15:02:49,204 DEBUG org.apache.http.headers<strong>{1}</strong>:136 - http-outgoing-0 >> Host: localhost:31753
15:02:49,204 DEBUG org.apache.http.headers<strong>{1}</strong>:136 - http-outgoing-0 >> Connection: Keep-Alive
15:02:49,205 DEBUG org.apache.http.headers<strong>{1}</strong>:136 - http-outgoing-0 >> User-Agent: Apache-HttpClient/4.5.3 (Java/1.8.0_221)
15:02:49,206 DEBUG org.apache.http.headers<strong>{1}</strong>:136 - http-outgoing-0 >> Accept-Encoding: gzip,deflate
15:02:49,207 DEBUG org.apache.http.wire<strong>{1}</strong>:73 - http-outgoing-0 >> "GET /session/be2f448191e9d27436df2e23f04abd1a/element/0.5574431166381824-1/displayed HTTP/1.1[\r][\n]"
15:02:49,208 DEBUG org.apache.http.wire<strong>{1}</strong>:73 - http-outgoing-0 >> "Cache-Control: no-cache[\r][\n]"
15:02:49,209 DEBUG org.apache.http.wire<strong>{1}</strong>:73 - http-outgoing-0 >> "Host: localhost:31753[\r][\n]"
15:02:49,209 DEBUG org.apache.http.wire<strong>{1}</strong>:73 - http-outgoing-0 >> "Connection: Keep-Alive[\r][\n]"
15:02:49,210 DEBUG org.apache.http.wire<strong>{1}</strong>:73 - http-outgoing-0 >> "User-Agent: Apache-HttpClient/4.5.3 (Java/1.8.0_221)[\r][\n]"
15:02:49,211 DEBUG org.apache.http.wire<strong>{1}</strong>:73 - http-outgoing-0 >> "Accept-Encoding: gzip,deflate[\r][\n]"
15:02:49,212 DEBUG org.apache.http.wire<strong>{1}</strong>:73 - http-outgoing-0 >> "[\r][\n]"
15:02:49,234 DEBUG org.apache.http.wire<strong>{1}</strong>:73 - http-outgoing-0 << "HTTP/1.1 200 OK[\r][\n]"
15:02:49,236 DEBUG org.apache.http.wire<strong>{1}</strong>:73 - http-outgoing-0 << "Content-Length:72[\r][\n]"
15:02:49,237 DEBUG org.apache.http.wire<strong>{1}</strong>:73 - http-outgoing-0 << "Content-Type:application/json; charset=utf-8[\r][\n]"
15:02:49,238 DEBUG org.apache.http.wire<strong>{1}</strong>:73 - http-outgoing-0 << "[\r][\n]"
15:02:49,239 DEBUG org.apache.http.wire<strong>{1}</strong>:87 - http-outgoing-0 << "{"sessionId":"be2f448191e9d27436df2e23f04abd1a","status":0,"value":true}"
15:02:49,241 DEBUG org.apache.http.headers<strong>{1}</strong>:122 - http-outgoing-0 << HTTP/1.1 200 OK
15:02:49,241 DEBUG org.apache.http.headers<strong>{1}</strong>:125 - http-outgoing-0 << Content-Length:72
15:02:49,242 DEBUG org.apache.http.headers<strong>{1}</strong>:125 - http-outgoing-0 << Content-Type:application/json; charset=utf-8
15:02:49,244 DEBUG org.apache.http.impl.execchain.MainClientExec<strong>{1}</strong>:285 - Connection can be kept alive indefinitely
15:02:49,246 DEBUG org.apache.http.impl.conn.PoolingHttpClientConnectionManager<strong>{1}</strong>:320 - Connection [id: 0][route: {}->http://localhost:31753] can be kept alive indefinitely
15:02:49,248 DEBUG org.apache.http.impl.conn.PoolingHttpClientConnectionManager<strong>{1}</strong>:326 - Connection released: [id: 0][route: {}->http://localhost:31753][total kept alive: 1; route allocated: 1 of 2000; total allocated: 1 of 2000]
15:02:49,251 DEBUG org.apache.http.client.protocol.RequestAddCookies<strong>{1}</strong>:123 - CookieSpec selected: default
15:02:49,253 DEBUG org.apache.http.client.protocol.RequestAuthCache<strong>{1}</strong>:77 - Auth cache not set in the context
15:02:49,253 DEBUG org.apache.http.impl.conn.PoolingHttpClientConnectionManager<strong>{1}</strong>:255 - Connection request: [route: {}->http://localhost:31753][total kept alive: 1; route allocated: 1 of 2000; total allocated: 1 of 2000]
15:02:49,255 DEBUG org.apache.http.impl.conn.PoolingHttpClientConnectionManager<strong>{1}</strong>:288 - Connection leased: [id: 0][route: {}->http://localhost:31753][total kept alive: 0; route allocated: 1 of 2000; total allocated: 1 of 2000]
15:02:49,256 DEBUG org.apache.http.impl.execchain.MainClientExec<strong>{1}</strong>:208 - Stale connection check
15:02:49,258 DEBUG org.apache.http.wire<strong>{1}</strong>:87 - http-outgoing-0 << "[read] I/O error: Read timed out"
15:02:49,259 DEBUG org.apache.http.impl.conn.DefaultManagedHttpClientConnection<strong>{1}</strong>:88 - http-outgoing-0: set socket timeout to 10800000
15:02:49,260 DEBUG org.apache.http.impl.execchain.MainClientExec<strong>{1}</strong>:256 - Executing request GET /session/be2f448191e9d27436df2e23f04abd1a/element/0.5574431166381824-1/enabled HTTP/1.1
15:02:49,261 DEBUG org.apache.http.impl.execchain.MainClientExec<strong>{1}</strong>:261 - Target auth state: UNCHALLENGED
15:02:49,262 DEBUG org.apache.http.impl.execchain.MainClientExec<strong>{1}</strong>:267 - Proxy auth state: UNCHALLENGED
15:02:49,263 DEBUG org.apache.http.headers<strong>{1}</strong>:133 - http-outgoing-0 >> GET /session/be2f448191e9d27436df2e23f04abd1a/element/0.5574431166381824-1/enabled HTTP/1.1
15:02:49,264 DEBUG org.apache.http.headers<strong>{1}</strong>:136 - http-outgoing-0 >> Cache-Control: no-cache
15:02:49,265 DEBUG org.apache.http.headers<strong>{1}</strong>:136 - http-outgoing-0 >> Host: localhost:31753
15:02:49,266 DEBUG org.apache.http.headers<strong>{1}</strong>:136 - http-outgoing-0 >> Connection: Keep-Alive
15:02:49,266 DEBUG org.apache.http.headers<strong>{1}</strong>:136 - http-outgoing-0 >> User-Agent: Apache-HttpClient/4.5.3 (Java/1.8.0_221)
15:02:49,268 DEBUG org.apache.http.headers<strong>{1}</strong>:136 - http-outgoing-0 >> Accept-Encoding: gzip,deflate
15:02:49,269 DEBUG org.apache.http.wire<strong>{1}</strong>:73 - http-outgoing-0 >> "GET /session/be2f448191e9d27436df2e23f04abd1a/element/0.5574431166381824-1/enabled HTTP/1.1[\r][\n]"
15:02:49,272 DEBUG org.apache.http.wire<strong>{1}</strong>:73 - http-outgoing-0 >> "Cache-Control: no-cache[\r][\n]"
15:02:49,274 DEBUG org.apache.http.wire<strong>{1}</strong>:73 - http-outgoing-0 >> "Host: localhost:31753[\r][\n]"
15:02:49,275 DEBUG org.apache.http.wire<strong>{1}</strong>:73 - http-outgoing-0 >> "Connection: Keep-Alive[\r][\n]"
15:02:49,277 DEBUG org.apache.http.wire<strong>{1}</strong>:73 - http-outgoing-0 >> "User-Agent: Apache-HttpClient/4.5.3 (Java/1.8.0_221)[\r][\n]"
15:02:49,280 DEBUG org.apache.http.wire<strong>{1}</strong>:73 - http-outgoing-0 >> "Accept-Encoding: gzip,deflate[\r][\n]"
15:02:49,283 DEBUG org.apache.http.wire<strong>{1}</strong>:73 - http-outgoing-0 >> "[\r][\n]"
15:02:49,297 DEBUG org.apache.http.wire<strong>{1}</strong>:73 - http-outgoing-0 << "HTTP/1.1 200 OK[\r][\n]"
15:02:49,298 DEBUG org.apache.http.wire<strong>{1}</strong>:73 - http-outgoing-0 << "Content-Length:72[\r][\n]"
15:02:49,299 DEBUG org.apache.http.wire<strong>{1}</strong>:73 - http-outgoing-0 << "Content-Type:application/json; charset=utf-8[\r][\n]"
15:02:49,301 DEBUG org.apache.http.wire<strong>{1}</strong>:73 - http-outgoing-0 << "[\r][\n]"
15:02:49,303 DEBUG org.apache.http.wire<strong>{1}</strong>:87 - http-outgoing-0 << "{"sessionId":"be2f448191e9d27436df2e23f04abd1a","status":0,"value":true}"
15:02:49,306 DEBUG org.apache.http.headers<strong>{1}</strong>:122 - http-outgoing-0 << HTTP/1.1 200 OK
15:02:49,307 DEBUG org.apache.http.headers<strong>{1}</strong>:125 - http-outgoing-0 << Content-Length:72
15:02:49,308 DEBUG org.apache.http.headers<strong>{1}</strong>:125 - http-outgoing-0 << Content-Type:application/json; charset=utf-8
15:02:49,309 DEBUG org.apache.http.impl.execchain.MainClientExec<strong>{1}</strong>:285 - Connection can be kept alive indefinitely
15:02:49,310 DEBUG org.apache.http.impl.conn.PoolingHttpClientConnectionManager<strong>{1}</strong>:320 - Connection [id: 0][route: {}->http://localhost:31753] can be kept alive indefinitely
15:02:49,312 DEBUG org.apache.http.impl.conn.PoolingHttpClientConnectionManager<strong>{1}</strong>:326 - Connection released: [id: 0][route: {}->http://localhost:31753][total kept alive: 1; route allocated: 1 of 2000; total allocated: 1 of 2000]
15:02:49,315 DEBUG org.apache.http.client.protocol.RequestAddCookies<strong>{1}</strong>:123 - CookieSpec selected: default
15:02:49,316 DEBUG org.apache.http.client.protocol.RequestAuthCache<strong>{1}</strong>:77 - Auth cache not set in the context
15:02:49,317 DEBUG org.apache.http.impl.conn.PoolingHttpClientConnectionManager<strong>{1}</strong>:255 - Connection request: [route: {}->http://localhost:31753][total kept alive: 1; route allocated: 1 of 2000; total allocated: 1 of 2000]
15:02:49,318 DEBUG org.apache.http.impl.conn.PoolingHttpClientConnectionManager<strong>{1}</strong>:288 - Connection leased: [id: 0][route: {}->http://localhost:31753][total kept alive: 0; route allocated: 1 of 2000; total allocated: 1 of 2000]
15:02:49,320 DEBUG org.apache.http.impl.execchain.MainClientExec<strong>{1}</strong>:208 - Stale connection check
15:02:49,323 DEBUG org.apache.http.wire<strong>{1}</strong>:87 - http-outgoing-0 << "[read] I/O error: Read timed out"
15:02:49,328 DEBUG org.apache.http.impl.conn.DefaultManagedHttpClientConnection<strong>{1}</strong>:88 - http-outgoing-0: set socket timeout to 10800000
15:02:49,329 DEBUG org.apache.http.impl.execchain.MainClientExec<strong>{1}</strong>:256 - Executing request POST /session/be2f448191e9d27436df2e23f04abd1a/element/0.5574431166381824-1/click HTTP/1.1
15:02:49,330 DEBUG org.apache.http.impl.execchain.MainClientExec<strong>{1}</strong>:261 - Target auth state: UNCHALLENGED
15:02:49,331 DEBUG org.apache.http.impl.execchain.MainClientExec<strong>{1}</strong>:267 - Proxy auth state: UNCHALLENGED
15:02:49,332 DEBUG org.apache.http.headers<strong>{1}</strong>:133 - http-outgoing-0 >> POST /session/be2f448191e9d27436df2e23f04abd1a/element/0.5574431166381824-1/click HTTP/1.1
15:02:49,335 DEBUG org.apache.http.headers<strong>{1}</strong>:136 - http-outgoing-0 >> Content-Type: application/json; charset=utf-8
15:02:49,336 DEBUG org.apache.http.headers<strong>{1}</strong>:136 - http-outgoing-0 >> Content-Length: 29
15:02:49,339 DEBUG org.apache.http.headers<strong>{1}</strong>:136 - http-outgoing-0 >> Host: localhost:31753
15:02:49,340 DEBUG org.apache.http.headers<strong>{1}</strong>:136 - http-outgoing-0 >> Connection: Keep-Alive
15:02:49,341 DEBUG org.apache.http.headers<strong>{1}</strong>:136 - http-outgoing-0 >> User-Agent: Apache-HttpClient/4.5.3 (Java/1.8.0_221)
15:02:49,342 DEBUG org.apache.http.headers<strong>{1}</strong>:136 - http-outgoing-0 >> Accept-Encoding: gzip,deflate
15:02:49,343 DEBUG org.apache.http.wire<strong>{1}</strong>:73 - http-outgoing-0 >> "POST /session/be2f448191e9d27436df2e23f04abd1a/element/0.5574431166381824-1/click HTTP/1.1[\r][\n]"
15:02:49,344 DEBUG org.apache.http.wire<strong>{1}</strong>:73 - http-outgoing-0 >> "Content-Type: application/json; charset=utf-8[\r][\n]"
15:02:49,345 DEBUG org.apache.http.wire<strong>{1}</strong>:73 - http-outgoing-0 >> "Content-Length: 29[\r][\n]"
15:02:49,346 DEBUG org.apache.http.wire<strong>{1}</strong>:73 - http-outgoing-0 >> "Host: localhost:31753[\r][\n]"
15:02:49,347 DEBUG org.apache.http.wire<strong>{1}</strong>:73 - http-outgoing-0 >> "Connection: Keep-Alive[\r][\n]"
15:02:49,348 DEBUG org.apache.http.wire<strong>{1}</strong>:73 - http-outgoing-0 >> "User-Agent: Apache-HttpClient/4.5.3 (Java/1.8.0_221)[\r][\n]"
15:02:49,349 DEBUG org.apache.http.wire<strong>{1}</strong>:73 - http-outgoing-0 >> "Accept-Encoding: gzip,deflate[\r][\n]"
15:02:49,350 DEBUG org.apache.http.wire<strong>{1}</strong>:73 - http-outgoing-0 >> "[\r][\n]"
15:02:49,351 DEBUG org.apache.http.wire<strong>{1}</strong>:87 - http-outgoing-0 >> "{"id":"0.5574431166381824-1"}"
15:02:49,398 DEBUG org.apache.http.wire<strong>{1}</strong>:73 - http-outgoing-0 << "HTTP/1.1 200 OK[\r][\n]"
15:02:49,399 DEBUG org.apache.http.wire<strong>{1}</strong>:73 - http-outgoing-0 << "Content-Length:72[\r][\n]"
15:02:49,400 DEBUG org.apache.http.wire<strong>{1}</strong>:73 - http-outgoing-0 << "Content-Type:application/json; charset=utf-8[\r][\n]"
15:02:49,401 DEBUG org.apache.http.wire<strong>{1}</strong>:73 - http-outgoing-0 << "[\r][\n]"
15:02:49,402 DEBUG org.apache.http.wire<strong>{1}</strong>:87 - http-outgoing-0 << "{"sessionId":"be2f448191e9d27436df2e23f04abd1a","status":0,"value":null}"
15:02:49,403 DEBUG org.apache.http.headers<strong>{1}</strong>:122 - http-outgoing-0 << HTTP/1.1 200 OK
15:02:49,403 DEBUG org.apache.http.headers<strong>{1}</strong>:125 - http-outgoing-0 << Content-Length:72
15:02:49,404 DEBUG org.apache.http.headers<strong>{1}</strong>:125 - http-outgoing-0 << Content-Type:application/json; charset=utf-8
15:02:49,405 DEBUG org.apache.http.impl.execchain.MainClientExec<strong>{1}</strong>:285 - Connection can be kept alive indefinitely
15:02:49,406 DEBUG org.apache.http.impl.conn.PoolingHttpClientConnectionManager<strong>{1}</strong>:320 - Connection [id: 0][route: {}->http://localhost:31753] can be kept alive indefinitely
15:02:49,407 DEBUG org.apache.http.impl.conn.PoolingHttpClientConnectionManager<strong>{1}</strong>:326 - Connection released: [id: 0][route: {}->http://localhost:31753][total kept alive: 1; route allocated: 1 of 2000; total allocated: 1 of 2000]
15:02:49,409 DEBUG org.apache.http.client.protocol.RequestAddCookies<strong>{1}</strong>:123 - CookieSpec selected: default
15:02:49,410 DEBUG org.apache.http.client.protocol.RequestAuthCache<strong>{1}</strong>:77 - Auth cache not set in the context
15:02:49,411 DEBUG org.apache.http.impl.conn.PoolingHttpClientConnectionManager<strong>{1}</strong>:255 - Connection request: [route: {}->http://localhost:31753][total kept alive: 1; route allocated: 1 of 2000; total allocated: 1 of 2000]
15:02:49,412 DEBUG org.apache.http.impl.conn.PoolingHttpClientConnectionManager<strong>{1}</strong>:288 - Connection leased: [id: 0][route: {}->http://localhost:31753][total kept alive: 0; route allocated: 1 of 2000; total allocated: 1 of 2000]
15:02:49,413 DEBUG org.apache.http.impl.execchain.MainClientExec<strong>{1}</strong>:208 - Stale connection check
15:02:49,416 DEBUG org.apache.http.wire<strong>{1}</strong>:87 - http-outgoing-0 << "[read] I/O error: Read timed out"
15:02:49,417 DEBUG org.apache.http.impl.conn.DefaultManagedHttpClientConnection<strong>{1}</strong>:88 - http-outgoing-0: set socket timeout to 10800000
15:02:49,418 DEBUG org.apache.http.impl.execchain.MainClientExec<strong>{1}</strong>:256 - Executing request POST /session/be2f448191e9d27436df2e23f04abd1a/element HTTP/1.1
15:02:49,419 DEBUG org.apache.http.impl.execchain.MainClientExec<strong>{1}</strong>:261 - Target auth state: UNCHALLENGED
15:02:49,419 DEBUG org.apache.http.impl.execchain.MainClientExec<strong>{1}</strong>:267 - Proxy auth state: UNCHALLENGED
15:02:49,420 DEBUG org.apache.http.headers<strong>{1}</strong>:133 - http-outgoing-0 >> POST /session/be2f448191e9d27436df2e23f04abd1a/element HTTP/1.1
15:02:49,421 DEBUG org.apache.http.headers<strong>{1}</strong>:136 - http-outgoing-0 >> Content-Type: application/json; charset=utf-8
15:02:49,422 DEBUG org.apache.http.headers<strong>{1}</strong>:136 - http-outgoing-0 >> Content-Length: 54
15:02:49,423 DEBUG org.apache.http.headers<strong>{1}</strong>:136 - http-outgoing-0 >> Host: localhost:31753
15:02:49,424 DEBUG org.apache.http.headers<strong>{1}</strong>:136 - http-outgoing-0 >> Connection: Keep-Alive
15:02:49,424 DEBUG org.apache.http.headers<strong>{1}</strong>:136 - http-outgoing-0 >> User-Agent: Apache-HttpClient/4.5.3 (Java/1.8.0_221)
15:02:49,425 DEBUG org.apache.http.headers<strong>{1}</strong>:136 - http-outgoing-0 >> Accept-Encoding: gzip,deflate
15:02:49,426 DEBUG org.apache.http.wire<strong>{1}</strong>:73 - http-outgoing-0 >> "POST /session/be2f448191e9d27436df2e23f04abd1a/element HTTP/1.1[\r][\n]"
15:02:49,427 DEBUG org.apache.http.wire<strong>{1}</strong>:73 - http-outgoing-0 >> "Content-Type: application/json; charset=utf-8[\r][\n]"
15:02:49,429 DEBUG org.apache.http.wire<strong>{1}</strong>:73 - http-outgoing-0 >> "Content-Length: 54[\r][\n]"
15:02:49,429 DEBUG org.apache.http.wire<strong>{1}</strong>:73 - http-outgoing-0 >> "Host: localhost:31753[\r][\n]"
15:02:49,430 DEBUG org.apache.http.wire<strong>{1}</strong>:73 - http-outgoing-0 >> "Connection: Keep-Alive[\r][\n]"
15:02:49,431 DEBUG org.apache.http.wire<strong>{1}</strong>:73 - http-outgoing-0 >> "User-Agent: Apache-HttpClient/4.5.3 (Java/1.8.0_221)[\r][\n]"
15:02:49,432 DEBUG org.apache.http.wire<strong>{1}</strong>:73 - http-outgoing-0 >> "Accept-Encoding: gzip,deflate[\r][\n]"
15:02:49,433 DEBUG org.apache.http.wire<strong>{1}</strong>:73 - http-outgoing-0 >> "[\r][\n]"
15:02:49,433 DEBUG org.apache.http.wire<strong>{1}</strong>:87 - http-outgoing-0 >> "{"using":"xpath","value":".//*[@id='username-field']"}"
15:02:49,442 DEBUG org.apache.http.wire<strong>{1}</strong>:73 - http-outgoing-0 << "HTTP/1.1 200 OK[\r][\n]"
15:02:49,443 DEBUG org.apache.http.wire<strong>{1}</strong>:73 - http-outgoing-0 << "Content-Length:102[\r][\n]"
15:02:49,444 DEBUG org.apache.http.wire<strong>{1}</strong>:73 - http-outgoing-0 << "Content-Type:application/json; charset=utf-8[\r][\n]"
15:02:49,445 DEBUG org.apache.http.wire<strong>{1}</strong>:73 - http-outgoing-0 << "[\r][\n]"
15:02:49,445 DEBUG org.apache.http.wire<strong>{1}</strong>:87 - http-outgoing-0 << "{"sessionId":"be2f448191e9d27436df2e23f04abd1a","status":0,"value":{"ELEMENT":"0.5574431166381824-1"}}"
15:02:49,446 DEBUG org.apache.http.headers<strong>{1}</strong>:122 - http-outgoing-0 << HTTP/1.1 200 OK
15:02:49,447 DEBUG org.apache.http.headers<strong>{1}</strong>:125 - http-outgoing-0 << Content-Length:102
15:02:49,448 DEBUG org.apache.http.headers<strong>{1}</strong>:125 - http-outgoing-0 << Content-Type:application/json; charset=utf-8
15:02:49,449 DEBUG org.apache.http.impl.execchain.MainClientExec<strong>{1}</strong>:285 - Connection can be kept alive indefinitely
15:02:49,450 DEBUG org.apache.http.impl.conn.PoolingHttpClientConnectionManager<strong>{1}</strong>:320 - Connection [id: 0][route: {}->http://localhost:31753] can be kept alive indefinitely
15:02:49,451 DEBUG org.apache.http.impl.conn.PoolingHttpClientConnectionManager<strong>{1}</strong>:326 - Connection released: [id: 0][route: {}->http://localhost:31753][total kept alive: 1; route allocated: 1 of 2000; total allocated: 1 of 2000]
15:02:49,454 DEBUG org.apache.http.client.protocol.RequestAddCookies<strong>{1}</strong>:123 - CookieSpec selected: default
15:02:49,455 DEBUG org.apache.http.client.protocol.RequestAuthCache<strong>{1}</strong>:77 - Auth cache not set in the context
15:02:49,456 DEBUG org.apache.http.impl.conn.PoolingHttpClientConnectionManager<strong>{1}</strong>:255 - Connection request: [route: {}->http://localhost:31753][total kept alive: 1; route allocated: 1 of 2000; total allocated: 1 of 2000]
15:02:49,457 DEBUG org.apache.http.impl.conn.PoolingHttpClientConnectionManager<strong>{1}</strong>:288 - Connection leased: [id: 0][route: {}->http://localhost:31753][total kept alive: 0; route allocated: 1 of 2000; total allocated: 1 of 2000]
15:02:49,458 DEBUG org.apache.http.impl.execchain.MainClientExec<strong>{1}</strong>:208 - Stale connection check
15:02:49,460 DEBUG org.apache.http.wire<strong>{1}</strong>:87 - http-outgoing-0 << "[read] I/O error: Read timed out"
15:02:49,461 DEBUG org.apache.http.impl.conn.DefaultManagedHttpClientConnection<strong>{1}</strong>:88 - http-outgoing-0: set socket timeout to 10800000
15:02:49,462 DEBUG org.apache.http.impl.execchain.MainClientExec<strong>{1}</strong>:256 - Executing request GET /session/be2f448191e9d27436df2e23f04abd1a/element/0.5574431166381824-1/displayed HTTP/1.1
15:02:49,463 DEBUG org.apache.http.impl.execchain.MainClientExec<strong>{1}</strong>:261 - Target auth state: UNCHALLENGED
15:02:49,464 DEBUG org.apache.http.impl.execchain.MainClientExec<strong>{1}</strong>:267 - Proxy auth state: UNCHALLENGED
15:02:49,464 DEBUG org.apache.http.headers<strong>{1}</strong>:133 - http-outgoing-0 >> GET /session/be2f448191e9d27436df2e23f04abd1a/element/0.5574431166381824-1/displayed HTTP/1.1
15:02:49,466 DEBUG org.apache.http.headers<strong>{1}</strong>:136 - http-outgoing-0 >> Cache-Control: no-cache
15:02:49,467 DEBUG org.apache.http.headers<strong>{1}</strong>:136 - http-outgoing-0 >> Host: localhost:31753
15:02:49,468 DEBUG org.apache.http.headers<strong>{1}</strong>:136 - http-outgoing-0 >> Connection: Keep-Alive
15:02:49,469 DEBUG org.apache.http.headers<strong>{1}</strong>:136 - http-outgoing-0 >> User-Agent: Apache-HttpClient/4.5.3 (Java/1.8.0_221)
15:02:49,470 DEBUG org.apache.http.headers<strong>{1}</strong>:136 - http-outgoing-0 >> Accept-Encoding: gzip,deflate
15:02:49,470 DEBUG org.apache.http.wire<strong>{1}</strong>:73 - http-outgoing-0 >> "GET /session/be2f448191e9d27436df2e23f04abd1a/element/0.5574431166381824-1/displayed HTTP/1.1[\r][\n]"
15:02:49,471 DEBUG org.apache.http.wire<strong>{1}</strong>:73 - http-outgoing-0 >> "Cache-Control: no-cache[\r][\n]"
15:02:49,472 DEBUG org.apache.http.wire<strong>{1}</strong>:73 - http-outgoing-0 >> "Host: localhost:31753[\r][\n]"
15:02:49,473 DEBUG org.apache.http.wire<strong>{1}</strong>:73 - http-outgoing-0 >> "Connection: Keep-Alive[\r][\n]"
15:02:49,474 DEBUG org.apache.http.wire<strong>{1}</strong>:73 - http-outgoing-0 >> "User-Agent: Apache-HttpClient/4.5.3 (Java/1.8.0_221)[\r][\n]"
15:02:49,475 DEBUG org.apache.http.wire<strong>{1}</strong>:73 - http-outgoing-0 >> "Accept-Encoding: gzip,deflate[\r][\n]"
15:02:49,476 DEBUG org.apache.http.wire<strong>{1}</strong>:73 - http-outgoing-0 >> "[\r][\n]"
15:02:49,485 DEBUG org.apache.http.wire<strong>{1}</strong>:73 - http-outgoing-0 << "HTTP/1.1 200 OK[\r][\n]"
15:02:49,486 DEBUG org.apache.http.wire<strong>{1}</strong>:73 - http-outgoing-0 << "Content-Length:72[\r][\n]"
15:02:49,487 DEBUG org.apache.http.wire<strong>{1}</strong>:73 - http-outgoing-0 << "Content-Type:application/json; charset=utf-8[\r][\n]"
15:02:49,488 DEBUG org.apache.http.wire<strong>{1}</strong>:73 - http-outgoing-0 << "[\r][\n]"
15:02:49,489 DEBUG org.apache.http.wire<strong>{1}</strong>:87 - http-outgoing-0 << "{"sessionId":"be2f448191e9d27436df2e23f04abd1a","status":0,"value":true}"
15:02:49,489 DEBUG org.apache.http.headers<strong>{1}</strong>:122 - http-outgoing-0 << HTTP/1.1 200 OK
15:02:49,490 DEBUG org.apache.http.headers<strong>{1}</strong>:125 - http-outgoing-0 << Content-Length:72
15:02:49,491 DEBUG org.apache.http.headers<strong>{1}</strong>:125 - http-outgoing-0 << Content-Type:application/json; charset=utf-8
15:02:49,492 DEBUG org.apache.http.impl.execchain.MainClientExec<strong>{1}</strong>:285 - Connection can be kept alive indefinitely
15:02:49,493 DEBUG org.apache.http.impl.conn.PoolingHttpClientConnectionManager<strong>{1}</strong>:320 - Connection [id: 0][route: {}->http://localhost:31753] can be kept alive indefinitely
15:02:49,494 DEBUG org.apache.http.impl.conn.PoolingHttpClientConnectionManager<strong>{1}</strong>:326 - Connection released: [id: 0][route: {}->http://localhost:31753][total kept alive: 1; route allocated: 1 of 2000; total allocated: 1 of 2000]
15:02:49,496 DEBUG org.apache.http.client.protocol.RequestAddCookies<strong>{1}</strong>:123 - CookieSpec selected: default
15:02:49,498 DEBUG org.apache.http.client.protocol.RequestAuthCache<strong>{1}</strong>:77 - Auth cache not set in the context
15:02:49,499 DEBUG org.apache.http.impl.conn.PoolingHttpClientConnectionManager<strong>{1}</strong>:255 - Connection request: [route: {}->http://localhost:31753][total kept alive: 1; route allocated: 1 of 2000; total allocated: 1 of 2000]
15:02:49,500 DEBUG org.apache.http.impl.conn.PoolingHttpClientConnectionManager<strong>{1}</strong>:288 - Connection leased: [id: 0][route: {}->http://localhost:31753][total kept alive: 0; route allocated: 1 of 2000; total allocated: 1 of 2000]
15:02:49,501 DEBUG org.apache.http.impl.execchain.MainClientExec<strong>{1}</strong>:208 - Stale connection check
15:02:49,503 DEBUG org.apache.http.wire<strong>{1}</strong>:87 - http-outgoing-0 << "[read] I/O error: Read timed out"
15:02:49,504 DEBUG org.apache.http.impl.conn.DefaultManagedHttpClientConnection<strong>{1}</strong>:88 - http-outgoing-0: set socket timeout to 10800000
15:02:49,505 DEBUG org.apache.http.impl.execchain.MainClientExec<strong>{1}</strong>:256 - Executing request GET /session/be2f448191e9d27436df2e23f04abd1a/element/0.5574431166381824-1/enabled HTTP/1.1
15:02:49,505 DEBUG org.apache.http.impl.execchain.MainClientExec<strong>{1}</strong>:261 - Target auth state: UNCHALLENGED
15:02:49,506 DEBUG org.apache.http.impl.execchain.MainClientExec<strong>{1}</strong>:267 - Proxy auth state: UNCHALLENGED
15:02:49,507 DEBUG org.apache.http.headers<strong>{1}</strong>:133 - http-outgoing-0 >> GET /session/be2f448191e9d27436df2e23f04abd1a/element/0.5574431166381824-1/enabled HTTP/1.1
15:02:49,508 DEBUG org.apache.http.headers<strong>{1}</strong>:136 - http-outgoing-0 >> Cache-Control: no-cache
15:02:49,509 DEBUG org.apache.http.headers<strong>{1}</strong>:136 - http-outgoing-0 >> Host: localhost:31753
15:02:49,510 DEBUG org.apache.http.headers<strong>{1}</strong>:136 - http-outgoing-0 >> Connection: Keep-Alive
15:02:49,511 DEBUG org.apache.http.headers<strong>{1}</strong>:136 - http-outgoing-0 >> User-Agent: Apache-HttpClient/4.5.3 (Java/1.8.0_221)
15:02:49,512 DEBUG org.apache.http.headers<strong>{1}</strong>:136 - http-outgoing-0 >> Accept-Encoding: gzip,deflate
15:02:49,512 DEBUG org.apache.http.wire<strong>{1}</strong>:73 - http-outgoing-0 >> "GET /session/be2f448191e9d27436df2e23f04abd1a/element/0.5574431166381824-1/enabled HTTP/1.1[\r][\n]"
15:02:49,513 DEBUG org.apache.http.wire<strong>{1}</strong>:73 - http-outgoing-0 >> "Cache-Control: no-cache[\r][\n]"
15:02:49,514 DEBUG org.apache.http.wire<strong>{1}</strong>:73 - http-outgoing-0 >> "Host: localhost:31753[\r][\n]"
15:02:49,515 DEBUG org.apache.http.wire<strong>{1}</strong>:73 - http-outgoing-0 >> "Connection: Keep-Alive[\r][\n]"
15:02:49,516 DEBUG org.apache.http.wire<strong>{1}</strong>:73 - http-outgoing-0 >> "User-Agent: Apache-HttpClient/4.5.3 (Java/1.8.0_221)[\r][\n]"
15:02:49,517 DEBUG org.apache.http.wire<strong>{1}</strong>:73 - http-outgoing-0 >> "Accept-Encoding: gzip,deflate[\r][\n]"
15:02:49,518 DEBUG org.apache.http.wire<strong>{1}</strong>:73 - http-outgoing-0 >> "[\r][\n]"
15:02:49,525 DEBUG org.apache.http.wire<strong>{1}</strong>:73 - http-outgoing-0 << "HTTP/1.1 200 OK[\r][\n]"
15:02:49,525 DEBUG org.apache.http.wire<strong>{1}</strong>:73 - http-outgoing-0 << "Content-Length:72[\r][\n]"
15:02:49,526 DEBUG org.apache.http.wire<strong>{1}</strong>:73 - http-outgoing-0 << "Content-Type:application/json; charset=utf-8[\r][\n]"
15:02:49,527 DEBUG org.apache.http.wire<strong>{1}</strong>:73 - http-outgoing-0 << "[\r][\n]"
15:02:49,528 DEBUG org.apache.http.wire<strong>{1}</strong>:87 - http-outgoing-0 << "{"sessionId":"be2f448191e9d27436df2e23f04abd1a","status":0,"value":true}"
15:02:49,529 DEBUG org.apache.http.headers<strong>{1}</strong>:122 - http-outgoing-0 << HTTP/1.1 200 OK
15:02:49,530 DEBUG org.apache.http.headers<strong>{1}</strong>:125 - http-outgoing-0 << Content-Length:72
15:02:49,531 DEBUG org.apache.http.headers<strong>{1}</strong>:125 - http-outgoing-0 << Content-Type:application/json; charset=utf-8
15:02:49,532 DEBUG org.apache.http.impl.execchain.MainClientExec<strong>{1}</strong>:285 - Connection can be kept alive indefinitely
15:02:49,533 DEBUG org.apache.http.impl.conn.PoolingHttpClientConnectionManager<strong>{1}</strong>:320 - Connection [id: 0][route: {}->http://localhost:31753] can be kept alive indefinitely
15:02:49,534 DEBUG org.apache.http.impl.conn.PoolingHttpClientConnectionManager<strong>{1}</strong>:326 - Connection released: [id: 0][route: {}->http://localhost:31753][total kept alive: 1; route allocated: 1 of 2000; total allocated: 1 of 2000]
15:02:49,536 DEBUG org.apache.http.client.protocol.RequestAddCookies<strong>{1}</strong>:123 - CookieSpec selected: default
15:02:49,537 DEBUG org.apache.http.client.protocol.RequestAuthCache<strong>{1}</strong>:77 - Auth cache not set in the context
15:02:49,538 DEBUG org.apache.http.impl.conn.PoolingHttpClientConnectionManager<strong>{1}</strong>:255 - Connection request: [route: {}->http://localhost:31753][total kept alive: 1; route allocated: 1 of 2000; total allocated: 1 of 2000]
15:02:49,539 DEBUG org.apache.http.impl.conn.PoolingHttpClientConnectionManager<strong>{1}</strong>:288 - Connection leased: [id: 0][route: {}->http://localhost:31753][total kept alive: 0; route allocated: 1 of 2000; total allocated: 1 of 2000]
15:02:49,540 DEBUG org.apache.http.impl.execchain.MainClientExec<strong>{1}</strong>:208 - Stale connection check
15:02:49,543 DEBUG org.apache.http.wire<strong>{1}</strong>:87 - http-outgoing-0 << "[read] I/O error: Read timed out"
15:02:49,544 DEBUG org.apache.http.impl.conn.DefaultManagedHttpClientConnection<strong>{1}</strong>:88 - http-outgoing-0: set socket timeout to 10800000
15:02:49,544 DEBUG org.apache.http.impl.execchain.MainClientExec<strong>{1}</strong>:256 - Executing request POST /session/be2f448191e9d27436df2e23f04abd1a/element/0.5574431166381824-1/value HTTP/1.1
15:02:49,545 DEBUG org.apache.http.impl.execchain.MainClientExec<strong>{1}</strong>:261 - Target auth state: UNCHALLENGED
15:02:49,546 DEBUG org.apache.http.impl.execchain.MainClientExec<strong>{1}</strong>:267 - Proxy auth state: UNCHALLENGED
15:02:49,547 DEBUG org.apache.http.headers<strong>{1}</strong>:133 - http-outgoing-0 >> POST /session/be2f448191e9d27436df2e23f04abd1a/element/0.5574431166381824-1/value HTTP/1.1
15:02:49,548 DEBUG org.apache.http.headers<strong>{1}</strong>:136 - http-outgoing-0 >> Content-Type: application/json; charset=utf-8
15:02:49,549 DEBUG org.apache.http.headers<strong>{1}</strong>:136 - http-outgoing-0 >> Content-Length: 47
15:02:49,550 DEBUG org.apache.http.headers<strong>{1}</strong>:136 - http-outgoing-0 >> Host: localhost:31753
15:02:49,550 DEBUG org.apache.http.headers<strong>{1}</strong>:136 - http-outgoing-0 >> Connection: Keep-Alive
15:02:49,552 DEBUG org.apache.http.headers<strong>{1}</strong>:136 - http-outgoing-0 >> User-Agent: Apache-HttpClient/4.5.3 (Java/1.8.0_221)
15:02:49,553 DEBUG org.apache.http.headers<strong>{1}</strong>:136 - http-outgoing-0 >> Accept-Encoding: gzip,deflate
15:02:49,554 DEBUG org.apache.http.wire<strong>{1}</strong>:73 - http-outgoing-0 >> "POST /session/be2f448191e9d27436df2e23f04abd1a/element/0.5574431166381824-1/value HTTP/1.1[\r][\n]"
15:02:49,555 DEBUG org.apache.http.wire<strong>{1}</strong>:73 - http-outgoing-0 >> "Content-Type: application/json; charset=utf-8[\r][\n]"
15:02:49,555 DEBUG org.apache.http.wire<strong>{1}</strong>:73 - http-outgoing-0 >> "Content-Length: 47[\r][\n]"
15:02:49,557 DEBUG org.apache.http.wire<strong>{1}</strong>:73 - http-outgoing-0 >> "Host: localhost:31753[\r][\n]"
15:02:49,558 DEBUG org.apache.http.wire<strong>{1}</strong>:73 - http-outgoing-0 >> "Connection: Keep-Alive[\r][\n]"
15:02:49,559 DEBUG org.apache.http.wire<strong>{1}</strong>:73 - http-outgoing-0 >> "User-Agent: Apache-HttpClient/4.5.3 (Java/1.8.0_221)[\r][\n]"
15:02:49,560 DEBUG org.apache.http.wire<strong>{1}</strong>:73 - http-outgoing-0 >> "Accept-Encoding: gzip,deflate[\r][\n]"
15:02:49,561 DEBUG org.apache.http.wire<strong>{1}</strong>:73 - http-outgoing-0 >> "[\r][\n]"
15:02:49,562 DEBUG org.apache.http.wire<strong>{1}</strong>:87 - http-outgoing-0 >> "{"id":"0.5574431166381824-1","value":["Vipul"]}"
15:02:49,610 DEBUG org.apache.http.wire<strong>{1}</strong>:73 - http-outgoing-0 << "HTTP/1.1 200 OK[\r][\n]"
15:02:49,611 DEBUG org.apache.http.wire<strong>{1}</strong>:73 - http-outgoing-0 << "Content-Length:72[\r][\n]"
15:02:49,613 DEBUG org.apache.http.wire<strong>{1}</strong>:73 - http-outgoing-0 << "Content-Type:application/json; charset=utf-8[\r][\n]"
15:02:49,613 DEBUG org.apache.http.wire<strong>{1}</strong>:73 - http-outgoing-0 << "[\r][\n]"
15:02:49,614 DEBUG org.apache.http.wire<strong>{1}</strong>:87 - http-outgoing-0 << "{"sessionId":"be2f448191e9d27436df2e23f04abd1a","status":0,"value":null}"
15:02:49,615 DEBUG org.apache.http.headers<strong>{1}</strong>:122 - http-outgoing-0 << HTTP/1.1 200 OK
15:02:49,616 DEBUG org.apache.http.headers<strong>{1}</strong>:125 - http-outgoing-0 << Content-Length:72
15:02:49,617 DEBUG org.apache.http.headers<strong>{1}</strong>:125 - http-outgoing-0 << Content-Type:application/json; charset=utf-8
15:02:49,618 DEBUG org.apache.http.impl.execchain.MainClientExec<strong>{1}</strong>:285 - Connection can be kept alive indefinitely
15:02:49,619 DEBUG org.apache.http.impl.conn.PoolingHttpClientConnectionManager<strong>{1}</strong>:320 - Connection [id: 0][route: {}->http://localhost:31753] can be kept alive indefinitely
15:02:49,619 DEBUG org.apache.http.impl.conn.PoolingHttpClientConnectionManager<strong>{1}</strong>:326 - Connection released: [id: 0][route: {}->http://localhost:31753][total kept alive: 1; route allocated: 1 of 2000; total allocated: 1 of 2000]
15:02:54,623 DEBUG org.apache.http.client.protocol.RequestAddCookies<strong>{1}</strong>:123 - CookieSpec selected: default
15:02:54,625 DEBUG org.apache.http.client.protocol.RequestAuthCache<strong>{1}</strong>:77 - Auth cache not set in the context
15:02:54,626 DEBUG org.apache.http.impl.conn.PoolingHttpClientConnectionManager<strong>{1}</strong>:255 - Connection request: [route: {}->http://localhost:31753][total kept alive: 1; route allocated: 1 of 2000; total allocated: 1 of 2000]
15:02:54,630 DEBUG org.apache.http.wire<strong>{1}</strong>:87 - http-outgoing-0 << "[read] I/O error: Read timed out"
15:02:54,631 DEBUG org.apache.http.impl.conn.PoolingHttpClientConnectionManager<strong>{1}</strong>:288 - Connection leased: [id: 0][route: {}->http://localhost:31753][total kept alive: 0; route allocated: 1 of 2000; total allocated: 1 of 2000]
15:02:54,633 DEBUG org.apache.http.impl.execchain.MainClientExec<strong>{1}</strong>:208 - Stale connection check
15:02:54,636 DEBUG org.apache.http.wire<strong>{1}</strong>:87 - http-outgoing-0 << "[read] I/O error: Read timed out"
15:02:54,637 DEBUG org.apache.http.impl.conn.DefaultManagedHttpClientConnection<strong>{1}</strong>:88 - http-outgoing-0: set socket timeout to 10800000
15:02:54,639 DEBUG org.apache.http.impl.execchain.MainClientExec<strong>{1}</strong>:256 - Executing request POST /session/be2f448191e9d27436df2e23f04abd1a/element HTTP/1.1
15:02:54,640 DEBUG org.apache.http.impl.execchain.MainClientExec<strong>{1}</strong>:261 - Target auth state: UNCHALLENGED
15:02:54,642 DEBUG org.apache.http.impl.execchain.MainClientExec<strong>{1}</strong>:267 - Proxy auth state: UNCHALLENGED
15:02:54,643 DEBUG org.apache.http.headers<strong>{1}</strong>:133 - http-outgoing-0 >> POST /session/be2f448191e9d27436df2e23f04abd1a/element HTTP/1.1
15:02:54,645 DEBUG org.apache.http.headers<strong>{1}</strong>:136 - http-outgoing-0 >> Content-Type: application/json; charset=utf-8
15:02:54,646 DEBUG org.apache.http.headers<strong>{1}</strong>:136 - http-outgoing-0 >> Content-Length: 54
15:02:54,647 DEBUG org.apache.http.headers<strong>{1}</strong>:136 - http-outgoing-0 >> Host: localhost:31753
15:02:54,649 DEBUG org.apache.http.headers<strong>{1}</strong>:136 - http-outgoing-0 >> Connection: Keep-Alive
15:02:54,650 DEBUG org.apache.http.headers<strong>{1}</strong>:136 - http-outgoing-0 >> User-Agent: Apache-HttpClient/4.5.3 (Java/1.8.0_221)
15:02:54,651 DEBUG org.apache.http.headers<strong>{1}</strong>:136 - http-outgoing-0 >> Accept-Encoding: gzip,deflate
15:02:54,653 DEBUG org.apache.http.wire<strong>{1}</strong>:73 - http-outgoing-0 >> "POST /session/be2f448191e9d27436df2e23f04abd1a/element HTTP/1.1[\r][\n]"
15:02:54,654 DEBUG org.apache.http.wire<strong>{1}</strong>:73 - http-outgoing-0 >> "Content-Type: application/json; charset=utf-8[\r][\n]"
15:02:54,656 DEBUG org.apache.http.wire<strong>{1}</strong>:73 - http-outgoing-0 >> "Content-Length: 54[\r][\n]"
15:02:54,657 DEBUG org.apache.http.wire<strong>{1}</strong>:73 - http-outgoing-0 >> "Host: localhost:31753[\r][\n]"
15:02:54,658 DEBUG org.apache.http.wire<strong>{1}</strong>:73 - http-outgoing-0 >> "Connection: Keep-Alive[\r][\n]"
15:02:54,660 DEBUG org.apache.http.wire<strong>{1}</strong>:73 - http-outgoing-0 >> "User-Agent: Apache-HttpClient/4.5.3 (Java/1.8.0_221)[\r][\n]"
15:02:54,661 DEBUG org.apache.http.wire<strong>{1}</strong>:73 - http-outgoing-0 >> "Accept-Encoding: gzip,deflate[\r][\n]"
15:02:54,662 DEBUG org.apache.http.wire<strong>{1}</strong>:73 - http-outgoing-0 >> "[\r][\n]"
15:02:54,664 DEBUG org.apache.http.wire<strong>{1}</strong>:87 - http-outgoing-0 >> "{"using":"xpath","value":".//*[@id='password-field']"}"
15:02:54,697 DEBUG org.apache.http.wire<strong>{1}</strong>:73 - http-outgoing-0 << "HTTP/1.1 200 OK[\r][\n]"
15:02:54,699 DEBUG org.apache.http.wire<strong>{1}</strong>:73 - http-outgoing-0 << "Content-Length:102[\r][\n]"
15:02:54,700 DEBUG org.apache.http.wire<strong>{1}</strong>:73 - http-outgoing-0 << "Content-Type:application/json; charset=utf-8[\r][\n]"
15:02:54,701 DEBUG org.apache.http.wire<strong>{1}</strong>:73 - http-outgoing-0 << "[\r][\n]"
15:02:54,702 DEBUG org.apache.http.wire<strong>{1}</strong>:87 - http-outgoing-0 << "{"sessionId":"be2f448191e9d27436df2e23f04abd1a","status":0,"value":{"ELEMENT":"0.5574431166381824-2"}}"
15:02:54,703 DEBUG org.apache.http.headers<strong>{1}</strong>:122 - http-outgoing-0 << HTTP/1.1 200 OK
15:02:54,704 DEBUG org.apache.http.headers<strong>{1}</strong>:125 - http-outgoing-0 << Content-Length:102
15:02:54,705 DEBUG org.apache.http.headers<strong>{1}</strong>:125 - http-outgoing-0 << Content-Type:application/json; charset=utf-8
15:02:54,706 DEBUG org.apache.http.impl.execchain.MainClientExec<strong>{1}</strong>:285 - Connection can be kept alive indefinitely
15:02:54,707 DEBUG org.apache.http.impl.conn.PoolingHttpClientConnectionManager<strong>{1}</strong>:320 - Connection [id: 0][route: {}->http://localhost:31753] can be kept alive indefinitely
15:02:54,709 DEBUG org.apache.http.impl.conn.PoolingHttpClientConnectionManager<strong>{1}</strong>:326 - Connection released: [id: 0][route: {}->http://localhost:31753][total kept alive: 1; route allocated: 1 of 2000; total allocated: 1 of 2000]
15:02:54,712 DEBUG org.apache.http.client.protocol.RequestAddCookies<strong>{1}</strong>:123 - CookieSpec selected: default
15:02:54,714 DEBUG org.apache.http.client.protocol.RequestAuthCache<strong>{1}</strong>:77 - Auth cache not set in the context
15:02:54,714 DEBUG org.apache.http.impl.conn.PoolingHttpClientConnectionManager<strong>{1}</strong>:255 - Connection request: [route: {}->http://localhost:31753][total kept alive: 1; route allocated: 1 of 2000; total allocated: 1 of 2000]
15:02:54,716 DEBUG org.apache.http.impl.conn.PoolingHttpClientConnectionManager<strong>{1}</strong>:288 - Connection leased: [id: 0][route: {}->http://localhost:31753][total kept alive: 0; route allocated: 1 of 2000; total allocated: 1 of 2000]
15:02:54,717 DEBUG org.apache.http.impl.execchain.MainClientExec<strong>{1}</strong>:208 - Stale connection check
15:02:54,718 DEBUG org.apache.http.wire<strong>{1}</strong>:87 - http-outgoing-0 << "[read] I/O error: Read timed out"
15:02:54,719 DEBUG org.apache.http.impl.conn.DefaultManagedHttpClientConnection<strong>{1}</strong>:88 - http-outgoing-0: set socket timeout to 10800000
15:02:54,720 DEBUG org.apache.http.impl.execchain.MainClientExec<strong>{1}</strong>:256 - Executing request POST /session/be2f448191e9d27436df2e23f04abd1a/element/0.5574431166381824-2/value HTTP/1.1
15:02:54,721 DEBUG org.apache.http.impl.execchain.MainClientExec<strong>{1}</strong>:261 - Target auth state: UNCHALLENGED
15:02:54,722 DEBUG org.apache.http.impl.execchain.MainClientExec<strong>{1}</strong>:267 - Proxy auth state: UNCHALLENGED
15:02:54,723 DEBUG org.apache.http.headers<strong>{1}</strong>:133 - http-outgoing-0 >> POST /session/be2f448191e9d27436df2e23f04abd1a/element/0.5574431166381824-2/value HTTP/1.1
15:02:54,724 DEBUG org.apache.http.headers<strong>{1}</strong>:136 - http-outgoing-0 >> Content-Type: application/json; charset=utf-8
15:02:54,725 DEBUG org.apache.http.headers<strong>{1}</strong>:136 - http-outgoing-0 >> Content-Length: 47
15:02:54,726 DEBUG org.apache.http.headers<strong>{1}</strong>:136 - http-outgoing-0 >> Host: localhost:31753
15:02:54,728 DEBUG org.apache.http.headers<strong>{1}</strong>:136 - http-outgoing-0 >> Connection: Keep-Alive
15:02:54,729 DEBUG org.apache.http.headers<strong>{1}</strong>:136 - http-outgoing-0 >> User-Agent: Apache-HttpClient/4.5.3 (Java/1.8.0_221)
15:02:54,730 DEBUG org.apache.http.headers<strong>{1}</strong>:136 - http-outgoing-0 >> Accept-Encoding: gzip,deflate
15:02:54,731 DEBUG org.apache.http.wire<strong>{1}</strong>:73 - http-outgoing-0 >> "POST /session/be2f448191e9d27436df2e23f04abd1a/element/0.5574431166381824-2/value HTTP/1.1[\r][\n]"
15:02:54,732 DEBUG org.apache.http.wire<strong>{1}</strong>:73 - http-outgoing-0 >> "Content-Type: application/json; charset=utf-8[\r][\n]"
15:02:54,733 DEBUG org.apache.http.wire<strong>{1}</strong>:73 - http-outgoing-0 >> "Content-Length: 47[\r][\n]"
15:02:54,734 DEBUG org.apache.http.wire<strong>{1}</strong>:73 - http-outgoing-0 >> "Host: localhost:31753[\r][\n]"
15:02:54,735 DEBUG org.apache.http.wire<strong>{1}</strong>:73 - http-outgoing-0 >> "Connection: Keep-Alive[\r][\n]"
15:02:54,736 DEBUG org.apache.http.wire<strong>{1}</strong>:73 - http-outgoing-0 >> "User-Agent: Apache-HttpClient/4.5.3 (Java/1.8.0_221)[\r][\n]"
15:02:54,737 DEBUG org.apache.http.wire<strong>{1}</strong>:73 - http-outgoing-0 >> "Accept-Encoding: gzip,deflate[\r][\n]"
15:02:54,738 DEBUG org.apache.http.wire<strong>{1}</strong>:73 - http-outgoing-0 >> "[\r][\n]"
15:02:54,739 DEBUG org.apache.http.wire<strong>{1}</strong>:87 - http-outgoing-0 >> "{"id":"0.5574431166381824-2","value":["Vipul"]}"
15:02:54,807 DEBUG org.apache.http.wire<strong>{1}</strong>:73 - http-outgoing-0 << "HTTP/1.1 200 OK[\r][\n]"
15:02:54,808 DEBUG org.apache.http.wire<strong>{1}</strong>:73 - http-outgoing-0 << "Content-Length:72[\r][\n]"
15:02:54,809 DEBUG org.apache.http.wire<strong>{1}</strong>:73 - http-outgoing-0 << "Content-Type:application/json; charset=utf-8[\r][\n]"
15:02:54,810 DEBUG org.apache.http.wire<strong>{1}</strong>:73 - http-outgoing-0 << "[\r][\n]"
15:02:54,811 DEBUG org.apache.http.wire<strong>{1}</strong>:87 - http-outgoing-0 << "{"sessionId":"be2f448191e9d27436df2e23f04abd1a","status":0,"value":null}"
15:02:54,812 DEBUG org.apache.http.headers<strong>{1}</strong>:122 - http-outgoing-0 << HTTP/1.1 200 OK
15:02:54,813 DEBUG org.apache.http.headers<strong>{1}</strong>:125 - http-outgoing-0 << Content-Length:72
15:02:54,814 DEBUG org.apache.http.headers<strong>{1}</strong>:125 - http-outgoing-0 << Content-Type:application/json; charset=utf-8
15:02:54,815 DEBUG org.apache.http.impl.execchain.MainClientExec<strong>{1}</strong>:285 - Connection can be kept alive indefinitely
15:02:54,816 DEBUG org.apache.http.impl.conn.PoolingHttpClientConnectionManager<strong>{1}</strong>:320 - Connection [id: 0][route: {}->http://localhost:31753] can be kept alive indefinitely
15:02:54,817 DEBUG org.apache.http.impl.conn.PoolingHttpClientConnectionManager<strong>{1}</strong>:326 - Connection released: [id: 0][route: {}->http://localhost:31753][total kept alive: 1; route allocated: 1 of 2000; total allocated: 1 of 2000]
15:02:54,820 DEBUG org.apache.http.client.protocol.RequestAddCookies<strong>{1}</strong>:123 - CookieSpec selected: default
15:02:54,821 DEBUG org.apache.http.client.protocol.RequestAuthCache<strong>{1}</strong>:77 - Auth cache not set in the context
15:02:54,822 DEBUG org.apache.http.impl.conn.PoolingHttpClientConnectionManager<strong>{1}</strong>:255 - Connection request: [route: {}->http://localhost:31753][total kept alive: 1; route allocated: 1 of 2000; total allocated: 1 of 2000]
15:02:54,823 DEBUG org.apache.http.impl.conn.PoolingHttpClientConnectionManager<strong>{1}</strong>:288 - Connection leased: [id: 0][route: {}->http://localhost:31753][total kept alive: 0; route allocated: 1 of 2000; total allocated: 1 of 2000]
15:02:54,824 DEBUG org.apache.http.impl.execchain.MainClientExec<strong>{1}</strong>:208 - Stale connection check
15:02:54,827 DEBUG org.apache.http.wire<strong>{1}</strong>:87 - http-outgoing-0 << "[read] I/O error: Read timed out"
15:02:54,828 DEBUG org.apache.http.impl.conn.DefaultManagedHttpClientConnection<strong>{1}</strong>:88 - http-outgoing-0: set socket timeout to 10800000
15:02:54,828 DEBUG org.apache.http.impl.execchain.MainClientExec<strong>{1}</strong>:256 - Executing request POST /session/be2f448191e9d27436df2e23f04abd1a/element HTTP/1.1
15:02:54,829 DEBUG org.apache.http.impl.execchain.MainClientExec<strong>{1}</strong>:261 - Target auth state: UNCHALLENGED
15:02:54,830 DEBUG org.apache.http.impl.execchain.MainClientExec<strong>{1}</strong>:267 - Proxy auth state: UNCHALLENGED
15:02:54,831 DEBUG org.apache.http.headers<strong>{1}</strong>:133 - http-outgoing-0 >> POST /session/be2f448191e9d27436df2e23f04abd1a/element HTTP/1.1
15:02:54,832 DEBUG org.apache.http.headers<strong>{1}</strong>:136 - http-outgoing-0 >> Content-Type: application/json; charset=utf-8
15:02:54,832 DEBUG org.apache.http.headers<strong>{1}</strong>:136 - http-outgoing-0 >> Content-Length: 48
15:02:54,833 DEBUG org.apache.http.headers<strong>{1}</strong>:136 - http-outgoing-0 >> Host: localhost:31753
15:02:54,834 DEBUG org.apache.http.headers<strong>{1}</strong>:136 - http-outgoing-0 >> Connection: Keep-Alive
15:02:54,836 DEBUG org.apache.http.headers<strong>{1}</strong>:136 - http-outgoing-0 >> User-Agent: Apache-HttpClient/4.5.3 (Java/1.8.0_221)
15:02:54,837 DEBUG org.apache.http.headers<strong>{1}</strong>:136 - http-outgoing-0 >> Accept-Encoding: gzip,deflate
15:02:54,838 DEBUG org.apache.http.wire<strong>{1}</strong>:73 - http-outgoing-0 >> "POST /session/be2f448191e9d27436df2e23f04abd1a/element HTTP/1.1[\r][\n]"
15:02:54,839 DEBUG org.apache.http.wire<strong>{1}</strong>:73 - http-outgoing-0 >> "Content-Type: application/json; charset=utf-8[\r][\n]"
15:02:54,840 DEBUG org.apache.http.wire<strong>{1}</strong>:73 - http-outgoing-0 >> "Content-Length: 48[\r][\n]"
15:02:54,841 DEBUG org.apache.http.wire<strong>{1}</strong>:73 - http-outgoing-0 >> "Host: localhost:31753[\r][\n]"
15:02:54,842 DEBUG org.apache.http.wire<strong>{1}</strong>:73 - http-outgoing-0 >> "Connection: Keep-Alive[\r][\n]"
15:02:54,843 DEBUG org.apache.http.wire<strong>{1}</strong>:73 - http-outgoing-0 >> "User-Agent: Apache-HttpClient/4.5.3 (Java/1.8.0_221)[\r][\n]"
15:02:54,844 DEBUG org.apache.http.wire<strong>{1}</strong>:73 - http-outgoing-0 >> "Accept-Encoding: gzip,deflate[\r][\n]"
15:02:54,846 DEBUG org.apache.http.wire<strong>{1}</strong>:73 - http-outgoing-0 >> "[\r][\n]"
15:02:54,846 DEBUG org.apache.http.wire<strong>{1}</strong>:87 - http-outgoing-0 >> "{"using":"xpath","value":".//*[@type='submit']"}"
15:02:54,860 DEBUG org.apache.http.wire<strong>{1}</strong>:73 - http-outgoing-0 << "HTTP/1.1 200 OK[\r][\n]"
15:02:54,862 DEBUG org.apache.http.wire<strong>{1}</strong>:73 - http-outgoing-0 << "Content-Length:102[\r][\n]"
15:02:54,862 DEBUG org.apache.http.wire<strong>{1}</strong>:73 - http-outgoing-0 << "Content-Type:application/json; charset=utf-8[\r][\n]"
15:02:54,864 DEBUG org.apache.http.wire<strong>{1}</strong>:73 - http-outgoing-0 << "[\r][\n]"
15:02:54,865 DEBUG org.apache.http.wire<strong>{1}</strong>:87 - http-outgoing-0 << "{"sessionId":"be2f448191e9d27436df2e23f04abd1a","status":0,"value":{"ELEMENT":"0.5574431166381824-3"}}"
15:02:54,866 DEBUG org.apache.http.headers<strong>{1}</strong>:122 - http-outgoing-0 << HTTP/1.1 200 OK
15:02:54,867 DEBUG org.apache.http.headers<strong>{1}</strong>:125 - http-outgoing-0 << Content-Length:102
15:02:54,867 DEBUG org.apache.http.headers<strong>{1}</strong>:125 - http-outgoing-0 << Content-Type:application/json; charset=utf-8
15:02:54,868 DEBUG org.apache.http.impl.execchain.MainClientExec<strong>{1}</strong>:285 - Connection can be kept alive indefinitely
15:02:54,869 DEBUG org.apache.http.impl.conn.PoolingHttpClientConnectionManager<strong>{1}</strong>:320 - Connection [id: 0][route: {}->http://localhost:31753] can be kept alive indefinitely
15:02:54,870 DEBUG org.apache.http.impl.conn.PoolingHttpClientConnectionManager<strong>{1}</strong>:326 - Connection released: [id: 0][route: {}->http://localhost:31753][total kept alive: 1; route allocated: 1 of 2000; total allocated: 1 of 2000]
15:02:54,873 DEBUG org.apache.http.client.protocol.RequestAddCookies<strong>{1}</strong>:123 - CookieSpec selected: default
15:02:54,874 DEBUG org.apache.http.client.protocol.RequestAuthCache<strong>{1}</strong>:77 - Auth cache not set in the context
15:02:54,874 DEBUG org.apache.http.impl.conn.PoolingHttpClientConnectionManager<strong>{1}</strong>:255 - Connection request: [route: {}->http://localhost:31753][total kept alive: 1; route allocated: 1 of 2000; total allocated: 1 of 2000]
15:02:54,874 DEBUG org.apache.http.impl.conn.PoolingHttpClientConnectionManager<strong>{1}</strong>:288 - Connection leased: [id: 0][route: {}->http://localhost:31753][total kept alive: 0; route allocated: 1 of 2000; total allocated: 1 of 2000]
15:02:54,875 DEBUG org.apache.http.impl.execchain.MainClientExec<strong>{1}</strong>:208 - Stale connection check
15:02:54,879 DEBUG org.apache.http.wire<strong>{1}</strong>:87 - http-outgoing-0 << "[read] I/O error: Read timed out"
15:02:54,880 DEBUG org.apache.http.impl.conn.DefaultManagedHttpClientConnection<strong>{1}</strong>:88 - http-outgoing-0: set socket timeout to 10800000
15:02:54,881 DEBUG org.apache.http.impl.execchain.MainClientExec<strong>{1}</strong>:256 - Executing request GET /session/be2f448191e9d27436df2e23f04abd1a/element/0.5574431166381824-3/displayed HTTP/1.1
15:02:54,881 DEBUG org.apache.http.impl.execchain.MainClientExec<strong>{1}</strong>:261 - Target auth state: UNCHALLENGED
15:02:54,881 DEBUG org.apache.http.impl.execchain.MainClientExec<strong>{1}</strong>:267 - Proxy auth state: UNCHALLENGED
15:02:54,882 DEBUG org.apache.http.headers<strong>{1}</strong>:133 - http-outgoing-0 >> GET /session/be2f448191e9d27436df2e23f04abd1a/element/0.5574431166381824-3/displayed HTTP/1.1
15:02:54,884 DEBUG org.apache.http.headers<strong>{1}</strong>:136 - http-outgoing-0 >> Cache-Control: no-cache
15:02:54,885 DEBUG org.apache.http.headers<strong>{1}</strong>:136 - http-outgoing-0 >> Host: localhost:31753
15:02:54,886 DEBUG org.apache.http.headers<strong>{1}</strong>:136 - http-outgoing-0 >> Connection: Keep-Alive
15:02:54,887 DEBUG org.apache.http.headers<strong>{1}</strong>:136 - http-outgoing-0 >> User-Agent: Apache-HttpClient/4.5.3 (Java/1.8.0_221)
15:02:54,888 DEBUG org.apache.http.headers<strong>{1}</strong>:136 - http-outgoing-0 >> Accept-Encoding: gzip,deflate
15:02:54,889 DEBUG org.apache.http.wire<strong>{1}</strong>:73 - http-outgoing-0 >> "GET /session/be2f448191e9d27436df2e23f04abd1a/element/0.5574431166381824-3/displayed HTTP/1.1[\r][\n]"
15:02:54,890 DEBUG org.apache.http.wire<strong>{1}</strong>:73 - http-outgoing-0 >> "Cache-Control: no-cache[\r][\n]"
15:02:54,891 DEBUG org.apache.http.wire<strong>{1}</strong>:73 - http-outgoing-0 >> "Host: localhost:31753[\r][\n]"
15:02:54,891 DEBUG org.apache.http.wire<strong>{1}</strong>:73 - http-outgoing-0 >> "Connection: Keep-Alive[\r][\n]"
15:02:54,892 DEBUG org.apache.http.wire<strong>{1}</strong>:73 - http-outgoing-0 >> "User-Agent: Apache-HttpClient/4.5.3 (Java/1.8.0_221)[\r][\n]"
15:02:54,893 DEBUG org.apache.http.wire<strong>{1}</strong>:73 - http-outgoing-0 >> "Accept-Encoding: gzip,deflate[\r][\n]"
15:02:54,894 DEBUG org.apache.http.wire<strong>{1}</strong>:73 - http-outgoing-0 >> "[\r][\n]"
15:02:54,908 DEBUG org.apache.http.wire<strong>{1}</strong>:73 - http-outgoing-0 << "HTTP/1.1 200 OK[\r][\n]"
15:02:54,909 DEBUG org.apache.http.wire<strong>{1}</strong>:73 - http-outgoing-0 << "Content-Length:72[\r][\n]"
15:02:54,910 DEBUG org.apache.http.wire<strong>{1}</strong>:73 - http-outgoing-0 << "Content-Type:application/json; charset=utf-8[\r][\n]"
15:02:54,911 DEBUG org.apache.http.wire<strong>{1}</strong>:73 - http-outgoing-0 << "[\r][\n]"
15:02:54,912 DEBUG org.apache.http.wire<strong>{1}</strong>:87 - http-outgoing-0 << "{"sessionId":"be2f448191e9d27436df2e23f04abd1a","status":0,"value":true}"
15:02:54,913 DEBUG org.apache.http.headers<strong>{1}</strong>:122 - http-outgoing-0 << HTTP/1.1 200 OK
15:02:54,913 DEBUG org.apache.http.headers<strong>{1}</strong>:125 - http-outgoing-0 << Content-Length:72
15:02:54,914 DEBUG org.apache.http.headers<strong>{1}</strong>:125 - http-outgoing-0 << Content-Type:application/json; charset=utf-8
15:02:54,915 DEBUG org.apache.http.impl.execchain.MainClientExec<strong>{1}</strong>:285 - Connection can be kept alive indefinitely
15:02:54,916 DEBUG org.apache.http.impl.conn.PoolingHttpClientConnectionManager<strong>{1}</strong>:320 - Connection [id: 0][route: {}->http://localhost:31753] can be kept alive indefinitely
15:02:54,917 DEBUG org.apache.http.impl.conn.PoolingHttpClientConnectionManager<strong>{1}</strong>:326 - Connection released: [id: 0][route: {}->http://localhost:31753][total kept alive: 1; route allocated: 1 of 2000; total allocated: 1 of 2000]
15:02:54,919 DEBUG org.apache.http.client.protocol.RequestAddCookies<strong>{1}</strong>:123 - CookieSpec selected: default
15:02:54,920 DEBUG org.apache.http.client.protocol.RequestAuthCache<strong>{1}</strong>:77 - Auth cache not set in the context
15:02:54,921 DEBUG org.apache.http.impl.conn.PoolingHttpClientConnectionManager<strong>{1}</strong>:255 - Connection request: [route: {}->http://localhost:31753][total kept alive: 1; route allocated: 1 of 2000; total allocated: 1 of 2000]
15:02:54,922 DEBUG org.apache.http.impl.conn.PoolingHttpClientConnectionManager<strong>{1}</strong>:288 - Connection leased: [id: 0][route: {}->http://localhost:31753][total kept alive: 0; route allocated: 1 of 2000; total allocated: 1 of 2000]
15:02:54,923 DEBUG org.apache.http.impl.execchain.MainClientExec<strong>{1}</strong>:208 - Stale connection check
15:02:54,925 DEBUG org.apache.http.wire<strong>{1}</strong>:87 - http-outgoing-0 << "[read] I/O error: Read timed out"
15:02:54,926 DEBUG org.apache.http.impl.conn.DefaultManagedHttpClientConnection<strong>{1}</strong>:88 - http-outgoing-0: set socket timeout to 10800000
15:02:54,927 DEBUG org.apache.http.impl.execchain.MainClientExec<strong>{1}</strong>:256 - Executing request GET /session/be2f448191e9d27436df2e23f04abd1a/element/0.5574431166381824-3/enabled HTTP/1.1
15:02:54,928 DEBUG org.apache.http.impl.execchain.MainClientExec<strong>{1}</strong>:261 - Target auth state: UNCHALLENGED
15:02:54,934 DEBUG org.apache.http.impl.execchain.MainClientExec<strong>{1}</strong>:267 - Proxy auth state: UNCHALLENGED
15:02:54,936 DEBUG org.apache.http.headers<strong>{1}</strong>:133 - http-outgoing-0 >> GET /session/be2f448191e9d27436df2e23f04abd1a/element/0.5574431166381824-3/enabled HTTP/1.1
15:02:54,938 DEBUG org.apache.http.headers<strong>{1}</strong>:136 - http-outgoing-0 >> Cache-Control: no-cache
15:02:54,939 DEBUG org.apache.http.headers<strong>{1}</strong>:136 - http-outgoing-0 >> Host: localhost:31753
15:02:54,941 DEBUG org.apache.http.headers<strong>{1}</strong>:136 - http-outgoing-0 >> Connection: Keep-Alive
15:02:54,942 DEBUG org.apache.http.headers<strong>{1}</strong>:136 - http-outgoing-0 >> User-Agent: Apache-HttpClient/4.5.3 (Java/1.8.0_221)
15:02:54,943 DEBUG org.apache.http.headers<strong>{1}</strong>:136 - http-outgoing-0 >> Accept-Encoding: gzip,deflate
15:02:54,944 DEBUG org.apache.http.wire<strong>{1}</strong>:73 - http-outgoing-0 >> "GET /session/be2f448191e9d27436df2e23f04abd1a/element/0.5574431166381824-3/enabled HTTP/1.1[\r][\n]"
15:02:54,946 DEBUG org.apache.http.wire<strong>{1}</strong>:73 - http-outgoing-0 >> "Cache-Control: no-cache[\r][\n]"
15:02:54,947 DEBUG org.apache.http.wire<strong>{1}</strong>:73 - http-outgoing-0 >> "Host: localhost:31753[\r][\n]"
15:02:54,948 DEBUG org.apache.http.wire<strong>{1}</strong>:73 - http-outgoing-0 >> "Connection: Keep-Alive[\r][\n]"
15:02:54,949 DEBUG org.apache.http.wire<strong>{1}</strong>:73 - http-outgoing-0 >> "User-Agent: Apache-HttpClient/4.5.3 (Java/1.8.0_221)[\r][\n]"
15:02:54,950 DEBUG org.apache.http.wire<strong>{1}</strong>:73 - http-outgoing-0 >> "Accept-Encoding: gzip,deflate[\r][\n]"
15:02:54,951 DEBUG org.apache.http.wire<strong>{1}</strong>:73 - http-outgoing-0 >> "[\r][\n]"
15:02:54,975 DEBUG org.apache.http.wire<strong>{1}</strong>:73 - http-outgoing-0 << "HTTP/1.1 200 OK[\r][\n]"
15:02:54,976 DEBUG org.apache.http.wire<strong>{1}</strong>:73 - http-outgoing-0 << "Content-Length:72[\r][\n]"
15:02:54,978 DEBUG org.apache.http.wire<strong>{1}</strong>:73 - http-outgoing-0 << "Content-Type:application/json; charset=utf-8[\r][\n]"
15:02:54,979 DEBUG org.apache.http.wire<strong>{1}</strong>:73 - http-outgoing-0 << "[\r][\n]"
15:02:54,980 DEBUG org.apache.http.wire<strong>{1}</strong>:87 - http-outgoing-0 << "{"sessionId":"be2f448191e9d27436df2e23f04abd1a","status":0,"value":true}"
15:02:54,981 DEBUG org.apache.http.headers<strong>{1}</strong>:122 - http-outgoing-0 << HTTP/1.1 200 OK
15:02:54,982 DEBUG org.apache.http.headers<strong>{1}</strong>:125 - http-outgoing-0 << Content-Length:72
15:02:54,983 DEBUG org.apache.http.headers<strong>{1}</strong>:125 - http-outgoing-0 << Content-Type:application/json; charset=utf-8
15:02:54,984 DEBUG org.apache.http.impl.execchain.MainClientExec<strong>{1}</strong>:285 - Connection can be kept alive indefinitely
15:02:54,985 DEBUG org.apache.http.impl.conn.PoolingHttpClientConnectionManager<strong>{1}</strong>:320 - Connection [id: 0][route: {}->http://localhost:31753] can be kept alive indefinitely
15:02:54,986 DEBUG org.apache.http.impl.conn.PoolingHttpClientConnectionManager<strong>{1}</strong>:326 - Connection released: [id: 0][route: {}->http://localhost:31753][total kept alive: 1; route allocated: 1 of 2000; total allocated: 1 of 2000]
15:02:54,989 DEBUG org.apache.http.client.protocol.RequestAddCookies<strong>{1}</strong>:123 - CookieSpec selected: default
15:02:54,990 DEBUG org.apache.http.client.protocol.RequestAuthCache<strong>{1}</strong>:77 - Auth cache not set in the context
15:02:54,991 DEBUG org.apache.http.impl.conn.PoolingHttpClientConnectionManager<strong>{1}</strong>:255 - Connection request: [route: {}->http://localhost:31753][total kept alive: 1; route allocated: 1 of 2000; total allocated: 1 of 2000]
15:02:54,992 DEBUG org.apache.http.impl.conn.PoolingHttpClientConnectionManager<strong>{1}</strong>:288 - Connection leased: [id: 0][route: {}->http://localhost:31753][total kept alive: 0; route allocated: 1 of 2000; total allocated: 1 of 2000]
15:02:54,993 DEBUG org.apache.http.impl.execchain.MainClientExec<strong>{1}</strong>:208 - Stale connection check
15:02:54,994 DEBUG org.apache.http.wire<strong>{1}</strong>:87 - http-outgoing-0 << "[read] I/O error: Read timed out"
15:02:54,995 DEBUG org.apache.http.impl.conn.DefaultManagedHttpClientConnection<strong>{1}</strong>:88 - http-outgoing-0: set socket timeout to 10800000
15:02:54,996 DEBUG org.apache.http.impl.execchain.MainClientExec<strong>{1}</strong>:256 - Executing request POST /session/be2f448191e9d27436df2e23f04abd1a/element/0.5574431166381824-3/click HTTP/1.1
15:02:54,997 DEBUG org.apache.http.impl.execchain.MainClientExec<strong>{1}</strong>:261 - Target auth state: UNCHALLENGED
15:02:54,997 DEBUG org.apache.http.impl.execchain.MainClientExec<strong>{1}</strong>:267 - Proxy auth state: UNCHALLENGED
15:02:54,998 DEBUG org.apache.http.headers<strong>{1}</strong>:133 - http-outgoing-0 >> POST /session/be2f448191e9d27436df2e23f04abd1a/element/0.5574431166381824-3/click HTTP/1.1
15:02:54,999 DEBUG org.apache.http.headers<strong>{1}</strong>:136 - http-outgoing-0 >> Content-Type: application/json; charset=utf-8
15:02:55,000 DEBUG org.apache.http.headers<strong>{1}</strong>:136 - http-outgoing-0 >> Content-Length: 29
15:02:55,001 DEBUG org.apache.http.headers<strong>{1}</strong>:136 - http-outgoing-0 >> Host: localhost:31753
15:02:55,002 DEBUG org.apache.http.headers<strong>{1}</strong>:136 - http-outgoing-0 >> Connection: Keep-Alive
15:02:55,003 DEBUG org.apache.http.headers<strong>{1}</strong>:136 - http-outgoing-0 >> User-Agent: Apache-HttpClient/4.5.3 (Java/1.8.0_221)
15:02:55,004 DEBUG org.apache.http.headers<strong>{1}</strong>:136 - http-outgoing-0 >> Accept-Encoding: gzip,deflate
15:02:55,004 DEBUG org.apache.http.wire<strong>{1}</strong>:73 - http-outgoing-0 >> "POST /session/be2f448191e9d27436df2e23f04abd1a/element/0.5574431166381824-3/click HTTP/1.1[\r][\n]"
15:02:55,005 DEBUG org.apache.http.wire<strong>{1}</strong>:73 - http-outgoing-0 >> "Content-Type: application/json; charset=utf-8[\r][\n]"
15:02:55,006 DEBUG org.apache.http.wire<strong>{1}</strong>:73 - http-outgoing-0 >> "Content-Length: 29[\r][\n]"
15:02:55,007 DEBUG org.apache.http.wire<strong>{1}</strong>:73 - http-outgoing-0 >> "Host: localhost:31753[\r][\n]"
15:02:55,008 DEBUG org.apache.http.wire<strong>{1}</strong>:73 - http-outgoing-0 >> "Connection: Keep-Alive[\r][\n]"
15:02:55,009 DEBUG org.apache.http.wire<strong>{1}</strong>:73 - http-outgoing-0 >> "User-Agent: Apache-HttpClient/4.5.3 (Java/1.8.0_221)[\r][\n]"
15:02:55,010 DEBUG org.apache.http.wire<strong>{1}</strong>:73 - http-outgoing-0 >> "Accept-Encoding: gzip,deflate[\r][\n]"
15:02:55,011 DEBUG org.apache.http.wire<strong>{1}</strong>:73 - http-outgoing-0 >> "[\r][\n]"
15:02:55,012 DEBUG org.apache.http.wire<strong>{1}</strong>:87 - http-outgoing-0 >> "{"id":"0.5574431166381824-3"}"
15:03:12,067 DEBUG org.apache.http.wire<strong>{1}</strong>:73 - http-outgoing-0 << "HTTP/1.1 200 OK[\r][\n]"
15:03:12,069 DEBUG org.apache.http.wire<strong>{1}</strong>:73 - http-outgoing-0 << "Content-Length:72[\r][\n]"
15:03:12,071 DEBUG org.apache.http.wire<strong>{1}</strong>:73 - http-outgoing-0 << "Content-Type:application/json; charset=utf-8[\r][\n]"
15:03:12,073 DEBUG org.apache.http.wire<strong>{1}</strong>:73 - http-outgoing-0 << "[\r][\n]"
15:03:12,076 DEBUG org.apache.http.wire<strong>{1}</strong>:87 - http-outgoing-0 << "{"sessionId":"be2f448191e9d27436df2e23f04abd1a","status":0,"value":null}"
15:03:12,078 DEBUG org.apache.http.headers<strong>{1}</strong>:122 - http-outgoing-0 << HTTP/1.1 200 OK
15:03:12,079 DEBUG org.apache.http.headers<strong>{1}</strong>:125 - http-outgoing-0 << Content-Length:72
15:03:12,080 DEBUG org.apache.http.headers<strong>{1}</strong>:125 - http-outgoing-0 << Content-Type:application/json; charset=utf-8
15:03:12,081 DEBUG org.apache.http.impl.execchain.MainClientExec<strong>{1}</strong>:285 - Connection can be kept alive indefinitely
15:03:12,083 DEBUG org.apache.http.impl.conn.PoolingHttpClientConnectionManager<strong>{1}</strong>:320 - Connection [id: 0][route: {}->http://localhost:31753] can be kept alive indefinitely
15:03:12,084 DEBUG org.apache.http.impl.conn.PoolingHttpClientConnectionManager<strong>{1}</strong>:326 - Connection released: [id: 0][route: {}->http://localhost:31753][total kept alive: 1; route allocated: 1 of 2000; total allocated: 1 of 2000]
